AutoBuild: Including build template config/builds/paladin.holyboltresists.js into default.dbj
AutoBuild: Including build template config/builds/paladin.holyboltresists.js into tools\autobuildthread.js
AutoBuild: Loaded helper thread
AutoBuild: Including build template config/builds/paladin.holyboltresists.js into tools\townchicken.js
AutoBuild: Including build template config/builds/paladin.holyboltresists.js into tools\party.js
AutoBuild: Including build template config/builds/paladin.holyboltresists.js into tools\toolsthread.js
AutoBuild: Stat points: 5      Skill points: 1
AutoBuild: Level up detected ( 62 --> 63 )
AutoBuild: Updating Config from level 62 to 63
AutoBuild: Incrementing cached character level to 63
AutoBuild: Including build template config/builds/paladin.holyboltresists.js into default.dbj
AutoBuild: Including build template config/builds/paladin.holyboltresists.js into tools\autobuildthread.js
AutoBuild: Loaded helper thread
AutoBuild: Including build template config/builds/paladin.holyboltresists.js into tools\party.js
AutoBuild: Including build template config/builds/paladin.holyboltresists.js into tools\toolsthread.js
AutoBuild: Including build template config/builds/paladin.holyboltresists.js into tools\townchicken.js
AutoBuild: Stat points: 5      Skill points: 1
AutoBuild: Level up detected ( 63 --> 64 )
AutoBuild: Updating Config from level 63 to 64
AutoBuild: Incrementing cached character level to 64
AutoBuild: Including build template config/builds/paladin.holyboltresists.js into default.dbj
AutoBuild: Including build template config/builds/paladin.holyboltresists.js into tools\autobuildthread.js
AutoBuild: Loaded helper thread
AutoBuild: Including build template config/builds/paladin.holyboltresists.js into tools\toolsthread.js
AutoBuild: Including build template config/builds/paladin.holyboltresists.js into tools\party.js
AutoBuild: Including build template config/builds/paladin.holyboltresists.js into tools\townchicken.js
AutoBuild: Stat points: 5      Skill points: 1
AutoBuild: Level up detected ( 64 --> 65 )
AutoBuild: Updating Config from level 64 to 65
AutoBuild: Incrementing cached character level to 65
AutoBuild: Including build template config/builds/paladin.holyboltresists.js into default.dbj
AutoBuild: Including build template config/builds/paladin.holyboltresists.js into tools\autobuildthread.js
AutoBuild: Loaded helper thread
AutoBuild: Including build template config/builds/paladin.holyboltresists.js into tools\townchicken.js
AutoBuild: Including build template config/builds/paladin.holyboltresists.js into tools\party.js
AutoBuild: Including build template config/builds/paladin.holyboltresists.js into tools\toolsthread.js
AutoBuild: Including build template config/builds/paladin.holyboltresists.js into default.dbj
AutoBuild: Including build template config/builds/paladin.holyboltresists.js into tools\autobuildthread.js
AutoBuild: Loaded helper thread
AutoBuild: Including build template config/builds/paladin.holyboltresists.js into tools\party.js
AutoBuild: Including build template config/builds/paladin.holyboltresists.js into tools\toolsthread.js
AutoBuild: Including build template config/builds/paladin.holyboltresists.js into tools\townchicken.js
AutoBuild: Including build template config/builds/paladin.holyboltresists.js into default.dbj
AutoBuild: Including build template config/builds/paladin.holyboltresists.js into tools\autobuildthread.js
AutoBuild: Loaded helper thread
AutoBuild: Including build template config/builds/paladin.holyboltresists.js into tools\party.js
AutoBuild: Including build template config/builds/paladin.holyboltresists.js into tools\toolsthread.js
AutoBuild: Including build template config/builds/paladin.holyboltresists.js into tools\townchicken.js
AutoBuild: Stat points: 5      Skill points: 1
AutoBuild: Level up detected ( 65 --> 66 )
AutoBuild: Updating Config from level 65 to 66
AutoBuild: Incrementing cached character level to 66
AutoBuild: Including build template config/builds/paladin.holyboltresists.js into default.dbj
AutoBuild: Including build template config/builds/paladin.holyboltresists.js into tools\autobuildthread.js
AutoBuild: Loaded helper thread
AutoBuild: Including build template config/builds/paladin.holyboltresists.js into tools\party.js
AutoBuild: Including build template config/builds/paladin.holyboltresists.js into tools\townchicken.js
AutoBuild: Including build template config/builds/paladin.holyboltresists.js into tools\toolsthread.js
AutoBuild: Including build template config/builds/paladin.holyboltresists.js into default.dbj
AutoBuild: Including build template config/builds/paladin.holyboltresists.js into tools\autobuildthread.js
AutoBuild: Loaded helper thread
AutoBuild: Including build template config/builds/paladin.holyboltresists.js into tools\toolsthread.js
AutoBuild: Including build template config/builds/paladin.holyboltresists.js into tools\party.js
AutoBuild: Including build template config/builds/paladin.holyboltresists.js into tools\townchicken.js
AutoBuild: Including build template config/builds/paladin.holyboltresists.js into default.dbj
AutoBuild: Including build template config/builds/paladin.holyboltresists.js into tools\autobuildthread.js
AutoBuild: Loaded helper thread
AutoBuild: Including build template config/builds/paladin.holyboltresists.js into tools\party.js
AutoBuild: Including build template config/builds/paladin.holyboltresists.js into tools\townchicken.js
AutoBuild: Including build template config/builds/paladin.holyboltresists.js into tools\toolsthread.js
AutoBuild: Including build template config/builds/paladin.holyboltresists.js into default.dbj
AutoBuild: Including build template config/builds/paladin.holyboltresists.js into tools\autobuildthread.js
AutoBuild: Loaded helper thread
AutoBuild: Including build template config/builds/paladin.holyboltresists.js into tools\townchicken.js
AutoBuild: Including build template config/builds/paladin.holyboltresists.js into tools\toolsthread.js
AutoBuild: Including build template config/builds/paladin.holyboltresists.js into tools\party.js
AutoBuild: Including build template config/builds/paladin.holyboltresists.js into default.dbj
AutoBuild: Including build template config/builds/paladin.holyboltresists.js into tools\autobuildthread.js
AutoBuild: Loaded helper thread
AutoBuild: Including build template config/builds/paladin.holyboltresists.js into tools\party.js
AutoBuild: Including build template config/builds/paladin.holyboltresists.js into tools\townchicken.js
AutoBuild: Including build template config/builds/paladin.holyboltresists.js into tools\toolsthread.js
AutoBuild: Including build template config/builds/paladin.holyboltresists.js into default.dbj
AutoBuild: Including build template config/builds/paladin.holyboltresists.js into tools\autobuildthread.js
AutoBuild: Loaded helper thread
AutoBuild: Including build template config/builds/paladin.holyboltresists.js into tools\toolsthread.js
AutoBuild: Including build template config/builds/paladin.holyboltresists.js into tools\townchicken.js
AutoBuild: Including build template config/builds/paladin.holyboltresists.js into tools\party.js
AutoBuild: Including build template config/builds/paladin.holyboltresists.js into default.dbj
AutoBuild: Including build template config/builds/paladin.holyboltresists.js into tools\autobuildthread.js
AutoBuild: Loaded helper thread
AutoBuild: Including build template config/builds/paladin.holyboltresists.js into tools\party.js
AutoBuild: Including build template config/builds/paladin.holyboltresists.js into tools\townchicken.js
AutoBuild: Including build template config/builds/paladin.holyboltresists.js into tools\toolsthread.js
AutoBuild: Stat points: 5      Skill points: 1
AutoBuild: Level up detected ( 66 --> 67 )
AutoBuild: Updating Config from level 66 to 67
AutoBuild: Incrementing cached character level to 67
AutoBuild: Including build template config/builds/paladin.holyboltresists.js into default.dbj
AutoBuild: Including build template config/builds/paladin.holyboltresists.js into tools\autobuildthread.js
AutoBuild: Loaded helper thread
AutoBuild: Including build template config/builds/paladin.holyboltresists.js into tools\party.js
AutoBuild: Including build template config/builds/paladin.holyboltresists.js into tools\toolsthread.js
AutoBuild: Including build template config/builds/paladin.holyboltresists.js into tools\townchicken.js
AutoBuild: Including build template config/builds/paladin.holyboltresists.js into default.dbj
AutoBuild: Including build template config/builds/paladin.holyboltresists.js into tools\autobuildthread.js
AutoBuild: Loaded helper thread
AutoBuild: Including build template config/builds/paladin.holyboltresists.js into tools\toolsthread.js
AutoBuild: Including build template config/builds/paladin.holyboltresists.js into tools\party.js
AutoBuild: Including build template config/builds/paladin.holyboltresists.js into tools\townchicken.js
AutoBuild: Stat points: 5      Skill points: 1
AutoBuild: Level up detected ( 67 --> 68 )
AutoBuild: Updating Config from level 67 to 68
AutoBuild: Incrementing cached character level to 68
AutoBuild: Including build template config/builds/paladin.holyboltresists.js into default.dbj
AutoBuild: Including build template config/builds/paladin.holyboltresists.js into tools\autobuildthread.js
AutoBuild: Loaded helper thread
AutoBuild: Including build template config/builds/paladin.holyboltresists.js into tools\party.js
AutoBuild: Including build template config/builds/paladin.holyboltresists.js into tools\townchicken.js
AutoBuild: Including build template config/builds/paladin.holyboltresists.js into tools\toolsthread.js
AutoBuild: Including build template config/builds/paladin.holyboltresists.js into default.dbj
AutoBuild: Including build template config/builds/paladin.holyboltresists.js into tools\autobuildthread.js
AutoBuild: Loaded helper thread
AutoBuild: Including build template config/builds/paladin.holyboltresists.js into tools\toolsthread.js
AutoBuild: Including build template config/builds/paladin.holyboltresists.js into tools\townchicken.js
AutoBuild: Including build template config/builds/paladin.holyboltresists.js into tools\party.js
AutoBuild: Including build template config/builds/paladin.holyboltresists.js into default.dbj
AutoBuild: Including build template config/builds/paladin.holyboltresists.js into tools\autobuildthread.js
AutoBuild: Loaded helper thread
AutoBuild: Including build template config/builds/paladin.holyboltresists.js into tools\party.js
AutoBuild: Including build template config/builds/paladin.holyboltresists.js into tools\townchicken.js
AutoBuild: Including build template config/builds/paladin.holyboltresists.js into tools\toolsthread.js
