AutoBuild: Including build template config/builds/sorceress.light.js into default.dbj
AutoBuild: Including build template config/builds/sorceress.light.js into tools\autobuildthread.js
AutoBuild: Loaded helper thread
AutoBuild: Including build template config/builds/sorceress.light.js into tools\townchicken.js
AutoBuild: Including build template config/builds/sorceress.light.js into tools\toolsthread.js
AutoBuild: Including build template config/builds/sorceress.light.js into tools\party.js
AutoBuild: Stat points: 5      Skill points: 1
AutoBuild: Level up detected ( 30 --> 31 )
AutoBuild: Updating Config from level 30 to 31
AutoBuild: Incrementing cached character level to 31
AutoBuild: Stat points: 5      Skill points: 1
AutoBuild: Level up detected ( 31 --> 32 )
AutoBuild: Updating Config from level 31 to 32
AutoBuild: Incrementing cached character level to 32
AutoBuild: Including build template config/builds/sorceress.light.js into default.dbj
AutoBuild: Including build template config/builds/sorceress.light.js into tools\autobuildthread.js
AutoBuild: Loaded helper thread
AutoBuild: Including build template config/builds/sorceress.light.js into tools\party.js
AutoBuild: Including build template config/builds/sorceress.light.js into tools\toolsthread.js
AutoBuild: Stat points: 5      Skill points: 1
AutoBuild: Level up detected ( 32 --> 33 )
AutoBuild: Updating Config from level 32 to 33
AutoBuild: Incrementing cached character level to 33
AutoBuild: Including build template config/builds/sorceress.light.js into default.dbj
AutoBuild: Including build template config/builds/sorceress.light.js into tools\autobuildthread.js
AutoBuild: Loaded helper thread
AutoBuild: Including build template config/builds/sorceress.light.js into tools\townchicken.js
AutoBuild: Including build template config/builds/sorceress.light.js into tools\party.js
AutoBuild: Including build template config/builds/sorceress.light.js into tools\toolsthread.js
AutoBuild: Stat points: 5      Skill points: 1
AutoBuild: Level up detected ( 33 --> 34 )
AutoBuild: Updating Config from level 33 to 34
AutoBuild: Incrementing cached character level to 34
AutoBuild: Including build template config/builds/sorceress.light.js into default.dbj
AutoBuild: Including build template config/builds/sorceress.light.js into tools\autobuildthread.js
AutoBuild: Loaded helper thread
AutoBuild: Including build template config/builds/sorceress.light.js into tools\party.js
AutoBuild: Including build template config/builds/sorceress.light.js into tools\townchicken.js
AutoBuild: Including build template config/builds/sorceress.light.js into tools\toolsthread.js
AutoBuild: Stat points: 5      Skill points: 1
AutoBuild: Level up detected ( 34 --> 35 )
AutoBuild: Updating Config from level 34 to 35
AutoBuild: Incrementing cached character level to 35
AutoBuild: Including build template config/builds/sorceress.light.js into default.dbj
AutoBuild: Including build template config/builds/sorceress.light.js into tools\autobuildthread.js
AutoBuild: Loaded helper thread
AutoBuild: Including build template config/builds/sorceress.light.js into tools\toolsthread.js
AutoBuild: Including build template config/builds/sorceress.light.js into tools\townchicken.js
AutoBuild: Including build template config/builds/sorceress.light.js into tools\party.js
AutoBuild: Including build template config/builds/sorceress.light.js into default.dbj
AutoBuild: Including build template config/builds/sorceress.light.js into tools\autobuildthread.js
AutoBuild: Loaded helper thread
AutoBuild: Including build template config/builds/sorceress.light.js into tools\party.js
AutoBuild: Including build template config/builds/sorceress.light.js into tools\toolsthread.js
AutoBuild: Including build template config/builds/sorceress.light.js into tools\townchicken.js
AutoBuild: Stat points: 5      Skill points: 1
AutoBuild: Level up detected ( 35 --> 36 )
AutoBuild: Updating Config from level 35 to 36
AutoBuild: Incrementing cached character level to 36
AutoBuild: Including build template config/builds/sorceress.light.js into default.dbj
AutoBuild: Including build template config/builds/sorceress.light.js into tools\autobuildthread.js
AutoBuild: Loaded helper thread
AutoBuild: Including build template config/builds/sorceress.light.js into tools\toolsthread.js
AutoBuild: Including build template config/builds/sorceress.light.js into tools\party.js
AutoBuild: Including build template config/builds/sorceress.light.js into tools\townchicken.js
AutoBuild: Stat points: 5      Skill points: 1
AutoBuild: Level up detected ( 36 --> 37 )
AutoBuild: Updating Config from level 36 to 37
AutoBuild: Incrementing cached character level to 37
AutoBuild: Including build template config/builds/sorceress.light.js into default.dbj
AutoBuild: Including build template config/builds/sorceress.light.js into tools\autobuildthread.js
AutoBuild: Loaded helper thread
AutoBuild: Including build template config/builds/sorceress.light.js into tools\toolsthread.js
AutoBuild: Including build template config/builds/sorceress.light.js into tools\party.js
AutoBuild: Including build template config/builds/sorceress.light.js into tools\townchicken.js
AutoBuild: Stat points: 5      Skill points: 1
AutoBuild: Level up detected ( 37 --> 38 )
AutoBuild: Updating Config from level 37 to 38
AutoBuild: Incrementing cached character level to 38
AutoBuild: Including build template config/builds/sorceress.light.js into default.dbj
AutoBuild: Including build template config/builds/sorceress.light.js into tools\autobuildthread.js
AutoBuild: Loaded helper thread
AutoBuild: Including build template config/builds/sorceress.light.js into tools\party.js
AutoBuild: Including build template config/builds/sorceress.light.js into tools\toolsthread.js
AutoBuild: Including build template config/builds/sorceress.light.js into tools\townchicken.js
AutoBuild: Including build template config/builds/sorceress.light.js into default.dbj
AutoBuild: Including build template config/builds/sorceress.light.js into tools\autobuildthread.js
AutoBuild: Loaded helper thread
AutoBuild: Including build template config/builds/sorceress.light.js into tools\party.js
AutoBuild: Including build template config/builds/sorceress.light.js into tools\toolsthread.js
AutoBuild: Including build template config/builds/sorceress.light.js into tools\townchicken.js
AutoBuild: Stat points: 5      Skill points: 1
AutoBuild: Level up detected ( 38 --> 39 )
AutoBuild: Updating Config from level 38 to 39
AutoBuild: Incrementing cached character level to 39
AutoBuild: Including build template config/builds/sorceress.light.js into default.dbj
AutoBuild: Including build template config/builds/sorceress.light.js into tools\autobuildthread.js
AutoBuild: Loaded helper thread
AutoBuild: Including build template config/builds/sorceress.light.js into tools\party.js
AutoBuild: Including build template config/builds/sorceress.light.js into tools\toolsthread.js
AutoBuild: Including build template config/builds/sorceress.light.js into tools\townchicken.js
AutoBuild: Including build template config/builds/sorceress.light.js into default.dbj
AutoBuild: Including build template config/builds/sorceress.light.js into tools\autobuildthread.js
AutoBuild: Loaded helper thread
AutoBuild: Including build template config/builds/sorceress.light.js into tools\townchicken.js
AutoBuild: Including build template config/builds/sorceress.light.js into tools\toolsthread.js
AutoBuild: Including build template config/builds/sorceress.light.js into tools\party.js
AutoBuild: Stat points: 5      Skill points: 2
AutoBuild: Level up detected ( 39 --> 40 )
AutoBuild: Updating Config from level 39 to 40
AutoBuild: Incrementing cached character level to 40
AutoBuild: Including build template config/builds/sorceress.light.js into default.dbj
AutoBuild: Including build template config/builds/sorceress.light.js into tools\autobuildthread.js
AutoBuild: Loaded helper thread
AutoBuild: Including build template config/builds/sorceress.light.js into tools\townchicken.js
AutoBuild: Including build template config/builds/sorceress.light.js into tools\toolsthread.js
AutoBuild: Including build template config/builds/sorceress.light.js into tools\party.js
AutoBuild: Including build template config/builds/sorceress.light.js into default.dbj
AutoBuild: Including build template config/builds/sorceress.light.js into tools\autobuildthread.js
AutoBuild: Loaded helper thread
AutoBuild: Including build template config/builds/sorceress.light.js into tools\toolsthread.js
AutoBuild: Including build template config/builds/sorceress.light.js into tools\party.js
AutoBuild: Including build template config/builds/sorceress.light.js into tools\townchicken.js
AutoBuild: Including build template config/builds/sorceress.light.js into default.dbj
AutoBuild: Including build template config/builds/sorceress.light.js into tools\autobuildthread.js
AutoBuild: Loaded helper thread
AutoBuild: Including build template config/builds/sorceress.light.js into tools\toolsthread.js
AutoBuild: Including build template config/builds/sorceress.light.js into tools\townchicken.js
AutoBuild: Including build template config/builds/sorceress.light.js into tools\party.js
AutoBuild: Stat points: 5      Skill points: 1
AutoBuild: Level up detected ( 40 --> 41 )
AutoBuild: Updating Config from level 40 to 41
AutoBuild: Incrementing cached character level to 41
AutoBuild: Including build template config/builds/sorceress.light.js into default.dbj
AutoBuild: Including build template config/builds/sorceress.light.js into tools\autobuildthread.js
AutoBuild: Loaded helper thread
AutoBuild: Including build template config/builds/sorceress.light.js into tools\party.js
AutoBuild: Including build template config/builds/sorceress.light.js into tools\townchicken.js
AutoBuild: Including build template config/builds/sorceress.light.js into tools\toolsthread.js
AutoBuild: Including build template config/builds/sorceress.light.js into default.dbj
AutoBuild: Including build template config/builds/sorceress.light.js into tools\autobuildthread.js
AutoBuild: Loaded helper thread
AutoBuild: Including build template config/builds/sorceress.light.js into tools\townchicken.js
AutoBuild: Including build template config/builds/sorceress.light.js into tools\party.js
AutoBuild: Including build template config/builds/sorceress.light.js into tools\toolsthread.js
AutoBuild: Stat points: 10      Skill points: 1
AutoBuild: Level up detected ( 41 --> 42 )
AutoBuild: Updating Config from level 41 to 42
AutoBuild: Incrementing cached character level to 42
AutoBuild: Including build template config/builds/sorceress.light.js into default.dbj
AutoBuild: Including build template config/builds/sorceress.light.js into tools\autobuildthread.js
AutoBuild: Loaded helper thread
AutoBuild: Including build template config/builds/sorceress.light.js into tools\toolsthread.js
AutoBuild: Including build template config/builds/sorceress.light.js into tools\party.js
AutoBuild: Including build template config/builds/sorceress.light.js into tools\townchicken.js
AutoBuild: Stat points: 5      Skill points: 3
AutoBuild: Level up detected ( 42 --> 43 )
AutoBuild: Updating Config from level 42 to 43
AutoBuild: Incrementing cached character level to 43
AutoBuild: Including build template config/builds/sorceress.light.js into default.dbj
AutoBuild: Including build template config/builds/sorceress.light.js into tools\autobuildthread.js
AutoBuild: Loaded helper thread
AutoBuild: Including build template config/builds/sorceress.light.js into tools\party.js
AutoBuild: Including build template config/builds/sorceress.light.js into tools\townchicken.js
AutoBuild: Including build template config/builds/sorceress.light.js into tools\toolsthread.js
AutoBuild: Including build template config/builds/sorceress.light.js into default.dbj
AutoBuild: Including build template config/builds/sorceress.light.js into tools\autobuildthread.js
AutoBuild: Loaded helper thread
AutoBuild: Including build template config/builds/sorceress.light.js into tools\townchicken.js
AutoBuild: Including build template config/builds/sorceress.light.js into tools\party.js
AutoBuild: Including build template config/builds/sorceress.light.js into tools\toolsthread.js
AutoBuild: Stat points: 5      Skill points: 1
AutoBuild: Level up detected ( 43 --> 44 )
AutoBuild: Updating Config from level 43 to 44
AutoBuild: Incrementing cached character level to 44
AutoBuild: Including build template config/builds/sorceress.light.js into default.dbj
AutoBuild: Including build template config/builds/sorceress.light.js into tools\autobuildthread.js
AutoBuild: Loaded helper thread
AutoBuild: Including build template config/builds/sorceress.light.js into tools\party.js
AutoBuild: Including build template config/builds/sorceress.light.js into tools\townchicken.js
AutoBuild: Including build template config/builds/sorceress.light.js into tools\toolsthread.js
AutoBuild: Stat points: 5      Skill points: 1
AutoBuild: Level up detected ( 44 --> 45 )
AutoBuild: Updating Config from level 44 to 45
AutoBuild: Incrementing cached character level to 45
AutoBuild: Stat points: 5      Skill points: 1
AutoBuild: Level up detected ( 45 --> 46 )
AutoBuild: Updating Config from level 45 to 46
AutoBuild: Incrementing cached character level to 46
AutoBuild: Including build template config/builds/sorceress.light.js into default.dbj
AutoBuild: Including build template config/builds/sorceress.light.js into tools\autobuildthread.js
AutoBuild: Loaded helper thread
AutoBuild: Including build template config/builds/sorceress.light.js into tools\party.js
AutoBuild: Including build template config/builds/sorceress.light.js into tools\townchicken.js
AutoBuild: Including build template config/builds/sorceress.light.js into tools\toolsthread.js
AutoBuild: Including build template config/builds/sorceress.light.js into default.dbj
AutoBuild: Including build template config/builds/sorceress.light.js into tools\autobuildthread.js
AutoBuild: Loaded helper thread
AutoBuild: Including build template config/builds/sorceress.light.js into tools\party.js
AutoBuild: Including build template config/builds/sorceress.light.js into tools\townchicken.js
AutoBuild: Including build template config/builds/sorceress.light.js into tools\toolsthread.js
AutoBuild: Including build template config/builds/sorceress.light.js into default.dbj
AutoBuild: Including build template config/builds/sorceress.light.js into tools\autobuildthread.js
AutoBuild: Loaded helper thread
AutoBuild: Including build template config/builds/sorceress.light.js into tools\townchicken.js
AutoBuild: Including build template config/builds/sorceress.light.js into tools\toolsthread.js
AutoBuild: Including build template config/builds/sorceress.light.js into tools\party.js
AutoBuild: Including build template config/builds/sorceress.light.js into default.dbj
AutoBuild: Including build template config/builds/sorceress.light.js into tools\autobuildthread.js
AutoBuild: Loaded helper thread
AutoBuild: Including build template config/builds/sorceress.light.js into tools\toolsthread.js
AutoBuild: Including build template config/builds/sorceress.light.js into tools\townchicken.js
AutoBuild: Including build template config/builds/sorceress.light.js into tools\party.js
AutoBuild: Stat points: 5      Skill points: 1
AutoBuild: Level up detected ( 46 --> 47 )
AutoBuild: Updating Config from level 46 to 47
AutoBuild: Incrementing cached character level to 47
AutoBuild: Including build template config/builds/sorceress.light.js into default.dbj
AutoBuild: Including build template config/builds/sorceress.light.js into tools\autobuildthread.js
AutoBuild: Loaded helper thread
AutoBuild: Including build template config/builds/sorceress.light.js into tools\townchicken.js
AutoBuild: Including build template config/builds/sorceress.light.js into tools\party.js
AutoBuild: Including build template config/builds/sorceress.light.js into tools\toolsthread.js
AutoBuild: Including build template config/builds/sorceress.light.js into default.dbj
AutoBuild: Including build template config/builds/sorceress.light.js into tools\autobuildthread.js
AutoBuild: Loaded helper thread
AutoBuild: Including build template config/builds/sorceress.light.js into tools\party.js
AutoBuild: Including build template config/builds/sorceress.light.js into tools\townchicken.js
AutoBuild: Including build template config/builds/sorceress.light.js into tools\toolsthread.js
AutoBuild: Including build template config/builds/sorceress.light.js into default.dbj
AutoBuild: Including build template config/builds/sorceress.light.js into tools\autobuildthread.js
AutoBuild: Loaded helper thread
AutoBuild: Including build template config/builds/sorceress.light.js into tools\townchicken.js
AutoBuild: Including build template config/builds/sorceress.light.js into tools\toolsthread.js
AutoBuild: Including build template config/builds/sorceress.light.js into tools\party.js
AutoBuild: Stat points: 5      Skill points: 1
AutoBuild: Level up detected ( 47 --> 48 )
AutoBuild: Updating Config from level 47 to 48
AutoBuild: Incrementing cached character level to 48
AutoBuild: Including build template config/builds/sorceress.light.js into default.dbj
AutoBuild: Including build template config/builds/sorceress.light.js into tools\autobuildthread.js
AutoBuild: Loaded helper thread
AutoBuild: Including build template config/builds/sorceress.light.js into tools\townchicken.js
AutoBuild: Including build template config/builds/sorceress.light.js into tools\party.js
AutoBuild: Including build template config/builds/sorceress.light.js into tools\toolsthread.js
AutoBuild: Stat points: 5      Skill points: 1
AutoBuild: Level up detected ( 48 --> 49 )
AutoBuild: Updating Config from level 48 to 49
AutoBuild: Incrementing cached character level to 49
AutoBuild: Including build template config/builds/sorceress.light.js into default.dbj
AutoBuild: Including build template config/builds/sorceress.light.js into tools\autobuildthread.js
AutoBuild: Loaded helper thread
AutoBuild: Including build template config/builds/sorceress.light.js into tools\party.js
AutoBuild: Including build template config/builds/sorceress.light.js into tools\townchicken.js
AutoBuild: Including build template config/builds/sorceress.light.js into tools\toolsthread.js
AutoBuild: Including build template config/builds/sorceress.light.js into default.dbj
AutoBuild: Including build template config/builds/sorceress.light.js into tools\autobuildthread.js
AutoBuild: Loaded helper thread
AutoBuild: Including build template config/builds/sorceress.light.js into tools\townchicken.js
AutoBuild: Including build template config/builds/sorceress.light.js into tools\toolsthread.js
AutoBuild: Including build template config/builds/sorceress.light.js into tools\party.js
AutoBuild: Including build template config/builds/sorceress.light.js into default.dbj
AutoBuild: Including build template config/builds/sorceress.light.js into tools\autobuildthread.js
AutoBuild: Loaded helper thread
AutoBuild: Including build template config/builds/sorceress.light.js into tools\party.js
AutoBuild: Including build template config/builds/sorceress.light.js into tools\townchicken.js
AutoBuild: Including build template config/builds/sorceress.light.js into tools\toolsthread.js
AutoBuild: Including build template config/builds/sorceress.light.js into default.dbj
AutoBuild: Including build template config/builds/sorceress.light.js into tools\autobuildthread.js
AutoBuild: Loaded helper thread
AutoBuild: Including build template config/builds/sorceress.light.js into tools\townchicken.js
AutoBuild: Including build template config/builds/sorceress.light.js into tools\toolsthread.js
AutoBuild: Including build template config/builds/sorceress.light.js into tools\party.js
AutoBuild: Including build template config/builds/sorceress.light.js into default.dbj
AutoBuild: Including build template config/builds/sorceress.light.js into tools\autobuildthread.js
AutoBuild: Loaded helper thread
AutoBuild: Including build template config/builds/sorceress.light.js into tools\townchicken.js
AutoBuild: Including build template config/builds/sorceress.light.js into tools\toolsthread.js
AutoBuild: Including build template config/builds/sorceress.light.js into tools\party.js
AutoBuild: Stat points: 5      Skill points: 1
AutoBuild: Level up detected ( 49 --> 50 )
AutoBuild: Updating Config from level 49 to 50
AutoBuild: Incrementing cached character level to 50
AutoBuild: Including build template config/builds/sorceress.light.js into default.dbj
AutoBuild: Including build template config/builds/sorceress.light.js into tools\autobuildthread.js
AutoBuild: Loaded helper thread
AutoBuild: Including build template config/builds/sorceress.light.js into tools\toolsthread.js
AutoBuild: Including build template config/builds/sorceress.light.js into tools\party.js
AutoBuild: Including build template config/builds/sorceress.light.js into tools\townchicken.js
AutoBuild: Stat points: 5      Skill points: 1
AutoBuild: Level up detected ( 50 --> 51 )
AutoBuild: Updating Config from level 50 to 51
AutoBuild: Incrementing cached character level to 51
AutoBuild: Including build template config/builds/sorceress.light.js into default.dbj
AutoBuild: Including build template config/builds/sorceress.light.js into tools\autobuildthread.js
AutoBuild: Loaded helper thread
AutoBuild: Including build template config/builds/sorceress.light.js into tools\toolsthread.js
AutoBuild: Including build template config/builds/sorceress.light.js into tools\party.js
AutoBuild: Including build template config/builds/sorceress.light.js into tools\townchicken.js
AutoBuild: Stat points: 5      Skill points: 1
AutoBuild: Level up detected ( 51 --> 52 )
AutoBuild: Updating Config from level 51 to 52
AutoBuild: Incrementing cached character level to 52
AutoBuild: Including build template config/builds/sorceress.light.js into default.dbj
AutoBuild: Including build template config/builds/sorceress.light.js into tools\autobuildthread.js
AutoBuild: Loaded helper thread
AutoBuild: Including build template config/builds/sorceress.light.js into tools\party.js
AutoBuild: Including build template config/builds/sorceress.light.js into tools\toolsthread.js
AutoBuild: Including build template config/builds/sorceress.light.js into tools\townchicken.js
AutoBuild: Including build template config/builds/sorceress.light.js into default.dbj
AutoBuild: Including build template config/builds/sorceress.light.js into tools\autobuildthread.js
AutoBuild: Loaded helper thread
AutoBuild: Including build template config/builds/sorceress.light.js into tools\toolsthread.js
AutoBuild: Including build template config/builds/sorceress.light.js into tools\townchicken.js
AutoBuild: Including build template config/builds/sorceress.light.js into tools\party.js
AutoBuild: Stat points: 5      Skill points: 1
AutoBuild: Level up detected ( 52 --> 53 )
AutoBuild: Updating Config from level 52 to 53
AutoBuild: Incrementing cached character level to 53
AutoBuild: Including build template config/builds/sorceress.light.js into default.dbj
AutoBuild: Including build template config/builds/sorceress.light.js into tools\autobuildthread.js
AutoBuild: Loaded helper thread
AutoBuild: Including build template config/builds/sorceress.light.js into tools\townchicken.js
AutoBuild: Including build template config/builds/sorceress.light.js into tools\party.js
AutoBuild: Including build template config/builds/sorceress.light.js into tools\toolsthread.js
AutoBuild: Stat points: 5      Skill points: 1
AutoBuild: Level up detected ( 53 --> 54 )
AutoBuild: Updating Config from level 53 to 54
AutoBuild: Incrementing cached character level to 54
AutoBuild: Including build template config/builds/sorceress.light.js into default.dbj
AutoBuild: Including build template config/builds/sorceress.light.js into tools\autobuildthread.js
AutoBuild: Loaded helper thread
AutoBuild: Including build template config/builds/sorceress.light.js into tools\party.js
AutoBuild: Including build template config/builds/sorceress.light.js into tools\toolsthread.js
AutoBuild: Stat points: 5      Skill points: 1
AutoBuild: Level up detected ( 54 --> 55 )
AutoBuild: Updating Config from level 54 to 55
AutoBuild: Incrementing cached character level to 55
AutoBuild: Including build template config/builds/sorceress.light.js into default.dbj
AutoBuild: Including build template config/builds/sorceress.light.js into tools\autobuildthread.js
AutoBuild: Loaded helper thread
AutoBuild: Including build template config/builds/sorceress.light.js into tools\party.js
AutoBuild: Including build template config/builds/sorceress.light.js into tools\townchicken.js
AutoBuild: Including build template config/builds/sorceress.light.js into tools\toolsthread.js
AutoBuild: Stat points: 5      Skill points: 1
AutoBuild: Level up detected ( 55 --> 56 )
AutoBuild: Updating Config from level 55 to 56
AutoBuild: Incrementing cached character level to 56
AutoBuild: Stat points: 5      Skill points: 1
AutoBuild: Level up detected ( 56 --> 57 )
AutoBuild: Updating Config from level 56 to 57
AutoBuild: Incrementing cached character level to 57
AutoBuild: Including build template config/builds/sorceress.light.js into default.dbj
AutoBuild: Including build template config/builds/sorceress.light.js into tools\autobuildthread.js
AutoBuild: Loaded helper thread
AutoBuild: Including build template config/builds/sorceress.light.js into tools\townchicken.js
AutoBuild: Including build template config/builds/sorceress.light.js into tools\toolsthread.js
AutoBuild: Including build template config/builds/sorceress.light.js into tools\party.js
AutoBuild: Including build template config/builds/sorceress.light.js into default.dbj
AutoBuild: Including build template config/builds/sorceress.light.js into tools\autobuildthread.js
AutoBuild: Loaded helper thread
AutoBuild: Including build template config/builds/sorceress.light.js into tools\party.js
AutoBuild: Including build template config/builds/sorceress.light.js into tools\toolsthread.js
AutoBuild: Including build template config/builds/sorceress.light.js into tools\townchicken.js
AutoBuild: Stat points: 5      Skill points: 1
AutoBuild: Level up detected ( 57 --> 58 )
AutoBuild: Updating Config from level 57 to 58
AutoBuild: Incrementing cached character level to 58
AutoBuild: Including build template config/builds/sorceress.light.js into default.dbj
AutoBuild: Including build template config/builds/sorceress.light.js into tools\autobuildthread.js
AutoBuild: Loaded helper thread
AutoBuild: Including build template config/builds/sorceress.light.js into tools\party.js
AutoBuild: Including build template config/builds/sorceress.light.js into tools\townchicken.js
AutoBuild: Including build template config/builds/sorceress.light.js into tools\toolsthread.js
AutoBuild: Including build template config/builds/sorceress.light.js into default.dbj
AutoBuild: Including build template config/builds/sorceress.light.js into tools\autobuildthread.js
AutoBuild: Loaded helper thread
AutoBuild: Including build template config/builds/sorceress.light.js into tools\party.js
AutoBuild: Including build template config/builds/sorceress.light.js into tools\toolsthread.js
AutoBuild: Including build template config/builds/sorceress.light.js into tools\townchicken.js
AutoBuild: Including build template config/builds/sorceress.light.js into default.dbj
AutoBuild: Including build template config/builds/sorceress.light.js into tools\autobuildthread.js
AutoBuild: Loaded helper thread
AutoBuild: Including build template config/builds/sorceress.light.js into tools\party.js
AutoBuild: Including build template config/builds/sorceress.light.js into tools\townchicken.js
AutoBuild: Including build template config/builds/sorceress.light.js into tools\toolsthread.js
AutoBuild: Stat points: 5      Skill points: 1
AutoBuild: Level up detected ( 58 --> 59 )
AutoBuild: Updating Config from level 58 to 59
AutoBuild: Incrementing cached character level to 59
AutoBuild: Including build template config/builds/sorceress.light.js into default.dbj
AutoBuild: Including build template config/builds/sorceress.light.js into tools\autobuildthread.js
AutoBuild: Loaded helper thread
AutoBuild: Including build template config/builds/sorceress.light.js into tools\party.js
AutoBuild: Including build template config/builds/sorceress.light.js into tools\townchicken.js
AutoBuild: Including build template config/builds/sorceress.light.js into tools\toolsthread.js
AutoBuild: Including build template config/builds/sorceress.light.js into default.dbj
AutoBuild: Including build template config/builds/sorceress.light.js into tools\autobuildthread.js
AutoBuild: Loaded helper thread
AutoBuild: Including build template config/builds/sorceress.light.js into tools\townchicken.js
AutoBuild: Including build template config/builds/sorceress.light.js into tools\toolsthread.js
AutoBuild: Including build template config/builds/sorceress.light.js into tools\party.js
AutoBuild: Including build template config/builds/sorceress.light.js into default.dbj
AutoBuild: Including build template config/builds/sorceress.light.js into tools\autobuildthread.js
AutoBuild: Loaded helper thread
AutoBuild: Including build template config/builds/sorceress.light.js into tools\townchicken.js
AutoBuild: Including build template config/builds/sorceress.light.js into tools\party.js
AutoBuild: Including build template config/builds/sorceress.light.js into tools\toolsthread.js
AutoBuild: Stat points: 5      Skill points: 2
AutoBuild: Level up detected ( 59 --> 60 )
AutoBuild: Updating Config from level 59 to 60
AutoBuild: Incrementing cached character level to 60
AutoBuild: Including build template config/builds/sorceress.light.js into default.dbj
AutoBuild: Including build template config/builds/sorceress.light.js into tools\autobuildthread.js
AutoBuild: Loaded helper thread
AutoBuild: Including build template config/builds/sorceress.light.js into tools\toolsthread.js
AutoBuild: Including build template config/builds/sorceress.light.js into tools\party.js
AutoBuild: Including build template config/builds/sorceress.light.js into tools\townchicken.js
