AutoBuild: Including build template config/builds/paladin.holyboltresists.js into default.dbj
AutoBuild: Including build template config/builds/paladin.holyboltresists.js into tools\autobuildthread.js
AutoBuild: Loaded helper thread
AutoBuild: Including build template config/builds/paladin.holyboltresists.js into tools\toolsthread.js
AutoBuild: Including build template config/builds/paladin.holyboltresists.js into tools\townchicken.js
AutoBuild: Including build template config/builds/paladin.holyboltresists.js into tools\party.js
AutoBuild: Including build template config/builds/paladin.holyboltresists.js into default.dbj
AutoBuild: Including build template config/builds/paladin.holyboltresists.js into tools\autobuildthread.js
AutoBuild: Loaded helper thread
AutoBuild: Including build template config/builds/paladin.holyboltresists.js into tools\townchicken.js
AutoBuild: Including build template config/builds/paladin.holyboltresists.js into tools\party.js
AutoBuild: Including build template config/builds/paladin.holyboltresists.js into tools\toolsthread.js
AutoBuild: Including build template config/builds/paladin.holyboltresists.js into default.dbj
AutoBuild: Including build template config/builds/paladin.holyboltresists.js into tools\autobuildthread.js
AutoBuild: Loaded helper thread
AutoBuild: Including build template config/builds/paladin.holyboltresists.js into tools\party.js
AutoBuild: Including build template config/builds/paladin.holyboltresists.js into tools\townchicken.js
AutoBuild: Including build template config/builds/paladin.holyboltresists.js into tools\toolsthread.js
AutoBuild: Including build template config/builds/paladin.holyboltresists.js into default.dbj
AutoBuild: Including build template config/builds/paladin.holyboltresists.js into tools\autobuildthread.js
AutoBuild: Loaded helper thread
AutoBuild: Including build template config/builds/paladin.holyboltresists.js into tools\townchicken.js
AutoBuild: Including build template config/builds/paladin.holyboltresists.js into tools\party.js
AutoBuild: Including build template config/builds/paladin.holyboltresists.js into tools\toolsthread.js
AutoBuild: Including build template config/builds/paladin.holyboltresists.js into default.dbj
AutoBuild: Including build template config/builds/paladin.holyboltresists.js into tools\autobuildthread.js
AutoBuild: Loaded helper thread
AutoBuild: Including build template config/builds/paladin.holyboltresists.js into tools\townchicken.js
AutoBuild: Including build template config/builds/paladin.holyboltresists.js into tools\toolsthread.js
AutoBuild: Including build template config/builds/paladin.holyboltresists.js into tools\party.js
AutoBuild: Stat points: 5      Skill points: 1
AutoBuild: Level up detected ( 60 --> 61 )
AutoBuild: Updating Config from level 60 to 61
AutoBuild: Incrementing cached character level to 61
AutoBuild: Including build template config/builds/paladin.holyboltresists.js into default.dbj
AutoBuild: Including build template config/builds/paladin.holyboltresists.js into tools\autobuildthread.js
AutoBuild: Loaded helper thread
AutoBuild: Including build template config/builds/paladin.holyboltresists.js into tools\toolsthread.js
AutoBuild: Including build template config/builds/paladin.holyboltresists.js into tools\townchicken.js
AutoBuild: Including build template config/builds/paladin.holyboltresists.js into tools\party.js
AutoBuild: Including build template config/builds/paladin.holyboltresists.js into default.dbj
AutoBuild: Including build template config/builds/paladin.holyboltresists.js into tools\autobuildthread.js
AutoBuild: Loaded helper thread
AutoBuild: Including build template config/builds/paladin.holyboltresists.js into tools\townchicken.js
AutoBuild: Including build template config/builds/paladin.holyboltresists.js into tools\toolsthread.js
AutoBuild: Including build template config/builds/paladin.holyboltresists.js into default.dbj
AutoBuild: Including build template config/builds/paladin.holyboltresists.js into tools\autobuildthread.js
AutoBuild: Loaded helper thread
AutoBuild: Including build template config/builds/paladin.holyboltresists.js into tools\party.js
AutoBuild: Including build template config/builds/paladin.holyboltresists.js into tools\toolsthread.js
AutoBuild: Including build template config/builds/paladin.holyboltresists.js into tools\townchicken.js
AutoBuild: Including build template config/builds/paladin.holyboltresists.js into default.dbj
AutoBuild: Including build template config/builds/paladin.holyboltresists.js into tools\autobuildthread.js
AutoBuild: Loaded helper thread
AutoBuild: Including build template config/builds/paladin.holyboltresists.js into tools\party.js
AutoBuild: Including build template config/builds/paladin.holyboltresists.js into tools\townchicken.js
AutoBuild: Including build template config/builds/paladin.holyboltresists.js into tools\toolsthread.js
AutoBuild: Including build template config/builds/paladin.holyboltresists.js into default.dbj
AutoBuild: Including build template config/builds/paladin.holyboltresists.js into tools\autobuildthread.js
AutoBuild: Loaded helper thread
AutoBuild: Including build template config/builds/paladin.holyboltresists.js into tools\party.js
AutoBuild: Including build template config/builds/paladin.holyboltresists.js into tools\toolsthread.js
AutoBuild: Including build template config/builds/paladin.holyboltresists.js into tools\townchicken.js
AutoBuild: Including build template config/builds/paladin.holyboltresists.js into default.dbj
AutoBuild: Including build template config/builds/paladin.holyboltresists.js into tools\autobuildthread.js
AutoBuild: Loaded helper thread
AutoBuild: Including build template config/builds/paladin.holyboltresists.js into tools\toolsthread.js
AutoBuild: Including build template config/builds/paladin.holyboltresists.js into tools\townchicken.js
AutoBuild: Including build template config/builds/paladin.holyboltresists.js into tools\party.js
AutoBuild: Including build template config/builds/paladin.holyboltresists.js into default.dbj
AutoBuild: Including build template config/builds/paladin.holyboltresists.js into tools\autobuildthread.js
AutoBuild: Loaded helper thread
AutoBuild: Including build template config/builds/paladin.holyboltresists.js into tools\party.js
AutoBuild: Including build template config/builds/paladin.holyboltresists.js into tools\townchicken.js
AutoBuild: Including build template config/builds/paladin.holyboltresists.js into tools\toolsthread.js
AutoBuild: Including build template config/builds/paladin.holyboltresists.js into default.dbj
AutoBuild: Including build template config/builds/paladin.holyboltresists.js into tools\autobuildthread.js
AutoBuild: Loaded helper thread
AutoBuild: Including build template config/builds/paladin.holyboltresists.js into tools\party.js
AutoBuild: Including build template config/builds/paladin.holyboltresists.js into tools\townchicken.js
AutoBuild: Including build template config/builds/paladin.holyboltresists.js into tools\toolsthread.js
AutoBuild: Including build template config/builds/paladin.holyboltresists.js into default.dbj
AutoBuild: Including build template config/builds/paladin.holyboltresists.js into tools\autobuildthread.js
AutoBuild: Loaded helper thread
AutoBuild: Including build template config/builds/paladin.holyboltresists.js into tools\toolsthread.js
AutoBuild: Including build template config/builds/paladin.holyboltresists.js into tools\party.js
AutoBuild: Including build template config/builds/paladin.holyboltresists.js into tools\townchicken.js
AutoBuild: Including build template config/builds/paladin.holyboltresists.js into default.dbj
AutoBuild: Including build template config/builds/paladin.holyboltresists.js into tools\autobuildthread.js
AutoBuild: Loaded helper thread
AutoBuild: Including build template config/builds/paladin.holyboltresists.js into tools\townchicken.js
AutoBuild: Including build template config/builds/paladin.holyboltresists.js into tools\toolsthread.js
AutoBuild: Including build template config/builds/paladin.holyboltresists.js into tools\party.js
AutoBuild: Including build template config/builds/paladin.holyboltresists.js into default.dbj
AutoBuild: Including build template config/builds/paladin.holyboltresists.js into tools\autobuildthread.js
AutoBuild: Loaded helper thread
AutoBuild: Including build template config/builds/paladin.holyboltresists.js into tools\toolsthread.js
AutoBuild: Including build template config/builds/paladin.holyboltresists.js into tools\party.js
AutoBuild: Including build template config/builds/paladin.holyboltresists.js into tools\townchicken.js
AutoBuild: Including build template config/builds/paladin.holyboltresists.js into default.dbj
AutoBuild: Including build template config/builds/paladin.holyboltresists.js into tools\autobuildthread.js
AutoBuild: Loaded helper thread
AutoBuild: Including build template config/builds/paladin.holyboltresists.js into tools\townchicken.js
AutoBuild: Including build template config/builds/paladin.holyboltresists.js into tools\party.js
AutoBuild: Including build template config/builds/paladin.holyboltresists.js into tools\toolsthread.js
AutoBuild: Including build template config/builds/paladin.holyboltresists.js into default.dbj
AutoBuild: Including build template config/builds/paladin.holyboltresists.js into tools\autobuildthread.js
AutoBuild: Loaded helper thread
AutoBuild: Including build template config/builds/paladin.holyboltresists.js into tools\party.js
AutoBuild: Including build template config/builds/paladin.holyboltresists.js into tools\toolsthread.js
AutoBuild: Including build template config/builds/paladin.holyboltresists.js into tools\townchicken.js
AutoBuild: Including build template config/builds/paladin.holyboltresists.js into default.dbj
AutoBuild: Including build template config/builds/paladin.holyboltresists.js into tools\autobuildthread.js
AutoBuild: Loaded helper thread
AutoBuild: Including build template config/builds/paladin.holyboltresists.js into tools\toolsthread.js
AutoBuild: Including build template config/builds/paladin.holyboltresists.js into tools\townchicken.js
AutoBuild: Including build template config/builds/paladin.holyboltresists.js into tools\party.js
AutoBuild: Stat points: 5      Skill points: 1
AutoBuild: Level up detected ( 61 --> 62 )
AutoBuild: Updating Config from level 61 to 62
AutoBuild: Incrementing cached character level to 62
AutoBuild: Including build template config/builds/paladin.holyboltresists.js into default.dbj
AutoBuild: Including build template config/builds/paladin.holyboltresists.js into tools\autobuildthread.js
AutoBuild: Loaded helper thread
AutoBuild: Including build template config/builds/paladin.holyboltresists.js into tools\party.js
AutoBuild: Including build template config/builds/paladin.holyboltresists.js into tools\toolsthread.js
AutoBuild: Including build template config/builds/paladin.holyboltresists.js into tools\townchicken.js
AutoBuild: Including build template config/builds/paladin.holyboltresists.js into default.dbj
AutoBuild: Including build template config/builds/paladin.holyboltresists.js into tools\autobuildthread.js
AutoBuild: Loaded helper thread
AutoBuild: Including build template config/builds/paladin.holyboltresists.js into tools\toolsthread.js
AutoBuild: Including build template config/builds/paladin.holyboltresists.js into tools\townchicken.js
AutoBuild: Including build template config/builds/paladin.holyboltresists.js into tools\party.js
AutoBuild: Including build template config/builds/paladin.holyboltresists.js into default.dbj
AutoBuild: Including build template config/builds/paladin.holyboltresists.js into tools\autobuildthread.js
AutoBuild: Loaded helper thread
AutoBuild: Including build template config/builds/paladin.holyboltresists.js into tools\party.js
AutoBuild: Including build template config/builds/paladin.holyboltresists.js into tools\toolsthread.js
AutoBuild: Including build template config/builds/paladin.holyboltresists.js into tools\townchicken.js
AutoBuild: Including build template config/builds/paladin.holyboltresists.js into default.dbj
AutoBuild: Including build template config/builds/paladin.holyboltresists.js into tools\autobuildthread.js
AutoBuild: Loaded helper thread
AutoBuild: Including build template config/builds/paladin.holyboltresists.js into tools\townchicken.js
AutoBuild: Including build template config/builds/paladin.holyboltresists.js into tools\party.js
AutoBuild: Including build template config/builds/paladin.holyboltresists.js into tools\toolsthread.js
AutoBuild: Including build template config/builds/paladin.holyboltresists.js into default.dbj
AutoBuild: Including build template config/builds/paladin.holyboltresists.js into tools\autobuildthread.js
AutoBuild: Loaded helper thread
AutoBuild: Including build template config/builds/paladin.holyboltresists.js into tools\party.js
AutoBuild: Including build template config/builds/paladin.holyboltresists.js into tools\townchicken.js
AutoBuild: Including build template config/builds/paladin.holyboltresists.js into tools\toolsthread.js
AutoBuild: Including build template config/builds/paladin.holyboltresists.js into default.dbj
AutoBuild: Including build template config/builds/paladin.holyboltresists.js into tools\autobuildthread.js
AutoBuild: Loaded helper thread
AutoBuild: Including build template config/builds/paladin.holyboltresists.js into tools\party.js
AutoBuild: Including build template config/builds/paladin.holyboltresists.js into tools\townchicken.js
AutoBuild: Including build template config/builds/paladin.holyboltresists.js into tools\toolsthread.js
AutoBuild: Including build template config/builds/paladin.holyboltresists.js into default.dbj
AutoBuild: Including build template config/builds/paladin.holyboltresists.js into tools\autobuildthread.js
AutoBuild: Loaded helper thread
AutoBuild: Including build template config/builds/paladin.holyboltresists.js into tools\party.js
AutoBuild: Including build template config/builds/paladin.holyboltresists.js into tools\townchicken.js
AutoBuild: Including build template config/builds/paladin.holyboltresists.js into tools\toolsthread.js
AutoBuild: Including build template config/builds/paladin.holyboltresists.js into default.dbj
AutoBuild: Including build template config/builds/paladin.holyboltresists.js into tools\autobuildthread.js
AutoBuild: Loaded helper thread
AutoBuild: Including build template config/builds/paladin.holyboltresists.js into tools\party.js
AutoBuild: Including build template config/builds/paladin.holyboltresists.js into tools\toolsthread.js
AutoBuild: Including build template config/builds/paladin.holyboltresists.js into tools\townchicken.js
AutoBuild: Including build template config/builds/paladin.holyboltresists.js into default.dbj
AutoBuild: Including build template config/builds/paladin.holyboltresists.js into tools\autobuildthread.js
AutoBuild: Loaded helper thread
AutoBuild: Including build template config/builds/paladin.holyboltresists.js into tools\townchicken.js
AutoBuild: Including build template config/builds/paladin.holyboltresists.js into tools\party.js
AutoBuild: Including build template config/builds/paladin.holyboltresists.js into tools\toolsthread.js
AutoBuild: Including build template config/builds/paladin.holyboltresists.js into default.dbj
AutoBuild: Including build template config/builds/paladin.holyboltresists.js into tools\autobuildthread.js
AutoBuild: Loaded helper thread
AutoBuild: Including build template config/builds/paladin.holyboltresists.js into tools\party.js
AutoBuild: Including build template config/builds/paladin.holyboltresists.js into tools\toolsthread.js
AutoBuild: Including build template config/builds/paladin.holyboltresists.js into tools\townchicken.js
AutoBuild: Including build template config/builds/paladin.holyboltresists.js into default.dbj
AutoBuild: Including build template config/builds/paladin.holyboltresists.js into tools\autobuildthread.js
AutoBuild: Loaded helper thread
AutoBuild: Including build template config/builds/paladin.holyboltresists.js into tools\party.js
AutoBuild: Including build template config/builds/paladin.holyboltresists.js into tools\toolsthread.js
AutoBuild: Including build template config/builds/paladin.holyboltresists.js into tools\townchicken.js
