AutoBuild: Including build template config/builds/sorceress.cold.js into default.dbj
AutoBuild: Including build template config/builds/sorceress.cold.js into tools\autobuildthread.js
AutoBuild: Loaded helper thread
AutoBuild: Including build template config/builds/sorceress.cold.js into tools\townchicken.js
AutoBuild: Including build template config/builds/sorceress.cold.js into tools\party.js
AutoBuild: Including build template config/builds/sorceress.cold.js into tools\toolsthread.js
AutoBuild: Including build template config/builds/sorceress.cold.js into default.dbj
AutoBuild: Including build template config/builds/sorceress.cold.js into tools\autobuildthread.js
AutoBuild: Loaded helper thread
AutoBuild: Including build template config/builds/sorceress.cold.js into tools\party.js
AutoBuild: Including build template config/builds/sorceress.cold.js into tools\toolsthread.js
AutoBuild: Including build template config/builds/sorceress.cold.js into tools\townchicken.js
AutoBuild: Including build template config/builds/sorceress.cold.js into default.dbj
AutoBuild: Including build template config/builds/sorceress.cold.js into tools\autobuildthread.js
AutoBuild: Loaded helper thread
AutoBuild: Including build template config/builds/sorceress.cold.js into tools\townchicken.js
AutoBuild: Including build template config/builds/sorceress.cold.js into tools\party.js
AutoBuild: Including build template config/builds/sorceress.cold.js into tools\toolsthread.js
AutoBuild: Including build template config/builds/sorceress.cold.js into default.dbj
AutoBuild: Including build template config/builds/sorceress.cold.js into tools\autobuildthread.js
AutoBuild: Loaded helper thread
AutoBuild: Including build template config/builds/sorceress.cold.js into tools\party.js
AutoBuild: Including build template config/builds/sorceress.cold.js into tools\townchicken.js
AutoBuild: Including build template config/builds/sorceress.cold.js into tools\toolsthread.js
AutoBuild: Including build template config/builds/sorceress.cold.js into default.dbj
AutoBuild: Including build template config/builds/sorceress.cold.js into tools\autobuildthread.js
AutoBuild: Loaded helper thread
AutoBuild: Including build template config/builds/sorceress.cold.js into tools\party.js
AutoBuild: Including build template config/builds/sorceress.cold.js into tools\townchicken.js
AutoBuild: Including build template config/builds/sorceress.cold.js into tools\toolsthread.js
AutoBuild: Including build template config/builds/sorceress.cold.js into default.dbj
AutoBuild: Including build template config/builds/sorceress.cold.js into tools\autobuildthread.js
AutoBuild: Loaded helper thread
AutoBuild: Including build template config/builds/sorceress.cold.js into tools\toolsthread.js
AutoBuild: Including build template config/builds/sorceress.cold.js into tools\party.js
AutoBuild: Including build template config/builds/sorceress.cold.js into default.dbj
AutoBuild: Including build template config/builds/sorceress.cold.js into tools\autobuildthread.js
AutoBuild: Loaded helper thread
AutoBuild: Including build template config/builds/sorceress.cold.js into tools\party.js
AutoBuild: Including build template config/builds/sorceress.cold.js into tools\toolsthread.js
AutoBuild: Including build template config/builds/sorceress.cold.js into tools\townchicken.js
AutoBuild: Including build template config/builds/sorceress.cold.js into default.dbj
AutoBuild: Including build template config/builds/sorceress.cold.js into tools\autobuildthread.js
AutoBuild: Loaded helper thread
AutoBuild: Including build template config/builds/sorceress.cold.js into tools\townchicken.js
AutoBuild: Including build template config/builds/sorceress.cold.js into tools\party.js
AutoBuild: Including build template config/builds/sorceress.cold.js into tools\toolsthread.js
AutoBuild: Including build template config/builds/sorceress.cold.js into default.dbj
AutoBuild: Including build template config/builds/sorceress.cold.js into tools\autobuildthread.js
AutoBuild: Loaded helper thread
AutoBuild: Including build template config/builds/sorceress.cold.js into tools\townchicken.js
AutoBuild: Including build template config/builds/sorceress.cold.js into tools\party.js
AutoBuild: Including build template config/builds/sorceress.cold.js into tools\toolsthread.js
AutoBuild: Including build template config/builds/sorceress.cold.js into default.dbj
AutoBuild: Including build template config/builds/sorceress.cold.js into tools\autobuildthread.js
AutoBuild: Loaded helper thread
AutoBuild: Including build template config/builds/sorceress.cold.js into tools\party.js
AutoBuild: Including build template config/builds/sorceress.cold.js into tools\toolsthread.js
AutoBuild: Including build template config/builds/sorceress.cold.js into tools\townchicken.js
AutoBuild: Stat points: 5      Skill points: 1
AutoBuild: Level up detected ( 2 --> 3 )
AutoBuild: Updating Config from level 2 to 3
AutoBuild: Incrementing cached character level to 3
AutoBuild: Stat points: 5      Skill points: 1
AutoBuild: Level up detected ( 3 --> 4 )
AutoBuild: Updating Config from level 3 to 4
AutoBuild: Incrementing cached character level to 4
AutoBuild: Including build template config/builds/sorceress.cold.js into default.dbj
AutoBuild: Including build template config/builds/sorceress.cold.js into tools\autobuildthread.js
AutoBuild: Loaded helper thread
AutoBuild: Including build template config/builds/sorceress.cold.js into tools\toolsthread.js
AutoBuild: Including build template config/builds/sorceress.cold.js into tools\townchicken.js
AutoBuild: Including build template config/builds/sorceress.cold.js into tools\party.js
AutoBuild: Stat points: 5      Skill points: 1
AutoBuild: Level up detected ( 4 --> 5 )
AutoBuild: Updating Config from level 4 to 5
AutoBuild: Incrementing cached character level to 5
AutoBuild: Stat points: 5      Skill points: 2
AutoBuild: Level up detected ( 5 --> 6 )
AutoBuild: Updating Config from level 5 to 6
AutoBuild: Incrementing cached character level to 6
AutoBuild: Stat points: 5      Skill points: 1
AutoBuild: Level up detected ( 6 --> 7 )
AutoBuild: Updating Config from level 6 to 7
AutoBuild: Incrementing cached character level to 7
AutoBuild: Including build template config/builds/sorceress.cold.js into default.dbj
AutoBuild: Including build template config/builds/sorceress.cold.js into tools\autobuildthread.js
AutoBuild: Loaded helper thread
AutoBuild: Including build template config/builds/sorceress.cold.js into tools\toolsthread.js
AutoBuild: Including build template config/builds/sorceress.cold.js into tools\townchicken.js
AutoBuild: Including build template config/builds/sorceress.cold.js into tools\party.js
AutoBuild: Stat points: 5      Skill points: 1
AutoBuild: Level up detected ( 7 --> 8 )
AutoBuild: Updating Config from level 7 to 8
AutoBuild: Incrementing cached character level to 8
AutoBuild: Stat points: 5      Skill points: 1
AutoBuild: Level up detected ( 8 --> 9 )
AutoBuild: Updating Config from level 8 to 9
AutoBuild: Incrementing cached character level to 9
AutoBuild: Including build template config/builds/sorceress.cold.js into default.dbj
AutoBuild: Including build template config/builds/sorceress.cold.js into tools\autobuildthread.js
AutoBuild: Loaded helper thread
AutoBuild: Including build template config/builds/sorceress.cold.js into tools\party.js
AutoBuild: Including build template config/builds/sorceress.cold.js into tools\toolsthread.js
AutoBuild: Including build template config/builds/sorceress.cold.js into tools\townchicken.js
AutoBuild: Stat points: 5      Skill points: 1
AutoBuild: Level up detected ( 9 --> 10 )
AutoBuild: Updating Config from level 9 to 10
AutoBuild: Incrementing cached character level to 10
AutoBuild: Stat points: 5      Skill points: 1
AutoBuild: Level up detected ( 10 --> 11 )
AutoBuild: Updating Config from level 10 to 11
AutoBuild: Incrementing cached character level to 11
AutoBuild: Stat points: 5      Skill points: 1
AutoBuild: Level up detected ( 11 --> 12 )
AutoBuild: Updating Config from level 11 to 12
AutoBuild: Incrementing cached character level to 12
AutoBuild: Including build template config/builds/sorceress.cold.js into default.dbj
AutoBuild: Including build template config/builds/sorceress.cold.js into tools\autobuildthread.js
AutoBuild: Loaded helper thread
AutoBuild: Including build template config/builds/sorceress.cold.js into tools\toolsthread.js
AutoBuild: Including build template config/builds/sorceress.cold.js into tools\party.js
AutoBuild: Including build template config/builds/sorceress.cold.js into tools\townchicken.js
AutoBuild: Stat points: 5      Skill points: 1
AutoBuild: Level up detected ( 12 --> 13 )
AutoBuild: Updating Config from level 12 to 13
AutoBuild: Incrementing cached character level to 13
AutoBuild: Including build template config/builds/sorceress.cold.js into default.dbj
AutoBuild: Including build template config/builds/sorceress.cold.js into tools\autobuildthread.js
AutoBuild: Loaded helper thread
AutoBuild: Including build template config/builds/sorceress.cold.js into tools\toolsthread.js
AutoBuild: Including build template config/builds/sorceress.cold.js into tools\townchicken.js
AutoBuild: Including build template config/builds/sorceress.cold.js into tools\party.js
AutoBuild: Stat points: 5      Skill points: 1
AutoBuild: Level up detected ( 13 --> 14 )
AutoBuild: Updating Config from level 13 to 14
AutoBuild: Incrementing cached character level to 14
AutoBuild: Including build template config/builds/sorceress.cold.js into default.dbj
AutoBuild: Including build template config/builds/sorceress.cold.js into tools\autobuildthread.js
AutoBuild: Loaded helper thread
AutoBuild: Including build template config/builds/sorceress.cold.js into tools\townchicken.js
AutoBuild: Including build template config/builds/sorceress.cold.js into tools\party.js
AutoBuild: Including build template config/builds/sorceress.cold.js into tools\toolsthread.js
AutoBuild: Stat points: 5      Skill points: 1
AutoBuild: Level up detected ( 14 --> 15 )
AutoBuild: Updating Config from level 14 to 15
AutoBuild: Incrementing cached character level to 15
AutoBuild: Including build template config/builds/sorceress.cold.js into default.dbj
AutoBuild: Including build template config/builds/sorceress.cold.js into tools\autobuildthread.js
AutoBuild: Loaded helper thread
AutoBuild: Including build template config/builds/sorceress.cold.js into tools\townchicken.js
AutoBuild: Including build template config/builds/sorceress.cold.js into tools\party.js
AutoBuild: Including build template config/builds/sorceress.cold.js into tools\toolsthread.js
AutoBuild: Including build template config/builds/sorceress.cold.js into default.dbj
AutoBuild: Including build template config/builds/sorceress.cold.js into tools\autobuildthread.js
AutoBuild: Loaded helper thread
AutoBuild: Including build template config/builds/sorceress.cold.js into tools\party.js
AutoBuild: Including build template config/builds/sorceress.cold.js into tools\townchicken.js
AutoBuild: Including build template config/builds/sorceress.cold.js into tools\toolsthread.js
AutoBuild: Stat points: 5      Skill points: 1
AutoBuild: Level up detected ( 15 --> 16 )
AutoBuild: Updating Config from level 15 to 16
AutoBuild: Incrementing cached character level to 16
AutoBuild: Stat points: 5      Skill points: 2
AutoBuild: Level up detected ( 16 --> 17 )
AutoBuild: Updating Config from level 16 to 17
AutoBuild: Incrementing cached character level to 17
AutoBuild: Including build template config/builds/sorceress.cold.js into default.dbj
AutoBuild: Including build template config/builds/sorceress.cold.js into tools\autobuildthread.js
AutoBuild: Loaded helper thread
AutoBuild: Including build template config/builds/sorceress.cold.js into tools\party.js
AutoBuild: Including build template config/builds/sorceress.cold.js into tools\toolsthread.js
AutoBuild: Including build template config/builds/sorceress.cold.js into tools\townchicken.js
AutoBuild: Stat points: 5      Skill points: 1
AutoBuild: Level up detected ( 17 --> 18 )
AutoBuild: Updating Config from level 17 to 18
AutoBuild: Incrementing cached character level to 18
AutoBuild: Including build template config/builds/sorceress.cold.js into default.dbj
AutoBuild: Including build template config/builds/sorceress.cold.js into tools\autobuildthread.js
AutoBuild: Loaded helper thread
AutoBuild: Including build template config/builds/sorceress.cold.js into tools\party.js
AutoBuild: Including build template config/builds/sorceress.cold.js into tools\townchicken.js
AutoBuild: Including build template config/builds/sorceress.cold.js into tools\toolsthread.js
AutoBuild: Including build template config/builds/sorceress.cold.js into default.dbj
AutoBuild: Including build template config/builds/sorceress.cold.js into tools\autobuildthread.js
AutoBuild: Loaded helper thread
AutoBuild: Including build template config/builds/sorceress.cold.js into tools\party.js
AutoBuild: Including build template config/builds/sorceress.cold.js into tools\toolsthread.js
AutoBuild: Including build template config/builds/sorceress.cold.js into tools\townchicken.js
AutoBuild: Stat points: 5      Skill points: 1
AutoBuild: Level up detected ( 18 --> 19 )
AutoBuild: Updating Config from level 18 to 19
AutoBuild: Incrementing cached character level to 19
AutoBuild: Stat points: 5      Skill points: 1
AutoBuild: Level up detected ( 19 --> 20 )
AutoBuild: Updating Config from level 19 to 20
AutoBuild: Incrementing cached character level to 20
AutoBuild: Stat points: 5      Skill points: 1
AutoBuild: Level up detected ( 20 --> 21 )
AutoBuild: Updating Config from level 20 to 21
AutoBuild: Incrementing cached character level to 21
AutoBuild: Including build template config/builds/sorceress.cold.js into default.dbj
AutoBuild: Including build template config/builds/sorceress.cold.js into tools\autobuildthread.js
AutoBuild: Loaded helper thread
AutoBuild: Including build template config/builds/sorceress.cold.js into tools\townchicken.js
AutoBuild: Including build template config/builds/sorceress.cold.js into tools\toolsthread.js
AutoBuild: Including build template config/builds/sorceress.cold.js into tools\party.js
AutoBuild: Including build template config/builds/sorceress.cold.js into default.dbj
AutoBuild: Including build template config/builds/sorceress.cold.js into tools\autobuildthread.js
AutoBuild: Loaded helper thread
AutoBuild: Including build template config/builds/sorceress.cold.js into tools\townchicken.js
AutoBuild: Including build template config/builds/sorceress.cold.js into tools\party.js
AutoBuild: Including build template config/builds/sorceress.cold.js into tools\toolsthread.js
AutoBuild: Including build template config/builds/sorceress.cold.js into default.dbj
AutoBuild: Including build template config/builds/sorceress.cold.js into tools\autobuildthread.js
AutoBuild: Loaded helper thread
AutoBuild: Including build template config/builds/sorceress.cold.js into tools\party.js
AutoBuild: Including build template config/builds/sorceress.cold.js into tools\townchicken.js
AutoBuild: Including build template config/builds/sorceress.cold.js into tools\toolsthread.js
AutoBuild: Stat points: 5      Skill points: 1
AutoBuild: Level up detected ( 21 --> 22 )
AutoBuild: Updating Config from level 21 to 22
AutoBuild: Incrementing cached character level to 22
AutoBuild: Including build template config/builds/sorceress.cold.js into default.dbj
AutoBuild: Including build template config/builds/sorceress.cold.js into tools\autobuildthread.js
AutoBuild: Loaded helper thread
AutoBuild: Including build template config/builds/sorceress.cold.js into tools\party.js
AutoBuild: Including build template config/builds/sorceress.cold.js into tools\townchicken.js
AutoBuild: Including build template config/builds/sorceress.cold.js into tools\toolsthread.js
AutoBuild: Including build template config/builds/sorceress.cold.js into default.dbj
AutoBuild: Including build template config/builds/sorceress.cold.js into tools\autobuildthread.js
AutoBuild: Loaded helper thread
AutoBuild: Including build template config/builds/sorceress.cold.js into tools\toolsthread.js
AutoBuild: Including build template config/builds/sorceress.cold.js into tools\party.js
AutoBuild: Including build template config/builds/sorceress.cold.js into tools\townchicken.js
AutoBuild: Including build template config/builds/sorceress.cold.js into default.dbj
AutoBuild: Including build template config/builds/sorceress.cold.js into tools\autobuildthread.js
AutoBuild: Loaded helper thread
AutoBuild: Including build template config/builds/sorceress.cold.js into tools\townchicken.js
AutoBuild: Including build template config/builds/sorceress.cold.js into tools\toolsthread.js
AutoBuild: Including build template config/builds/sorceress.cold.js into tools\party.js
AutoBuild: Including build template config/builds/sorceress.cold.js into default.dbj
AutoBuild: Including build template config/builds/sorceress.cold.js into tools\autobuildthread.js
AutoBuild: Loaded helper thread
AutoBuild: Including build template config/builds/sorceress.cold.js into tools\toolsthread.js
AutoBuild: Including build template config/builds/sorceress.cold.js into tools\townchicken.js
AutoBuild: Including build template config/builds/sorceress.cold.js into tools\party.js
AutoBuild: Including build template config/builds/sorceress.cold.js into default.dbj
AutoBuild: Including build template config/builds/sorceress.cold.js into tools\autobuildthread.js
AutoBuild: Loaded helper thread
AutoBuild: Including build template config/builds/sorceress.cold.js into tools\party.js
AutoBuild: Including build template config/builds/sorceress.cold.js into tools\townchicken.js
AutoBuild: Including build template config/builds/sorceress.cold.js into tools\toolsthread.js
AutoBuild: Stat points: 5      Skill points: 1
AutoBuild: Level up detected ( 22 --> 23 )
AutoBuild: Updating Config from level 22 to 23
AutoBuild: Incrementing cached character level to 23
AutoBuild: Including build template config/builds/sorceress.cold.js into default.dbj
AutoBuild: Including build template config/builds/sorceress.cold.js into tools\autobuildthread.js
AutoBuild: Loaded helper thread
AutoBuild: Including build template config/builds/sorceress.cold.js into tools\townchicken.js
AutoBuild: Including build template config/builds/sorceress.cold.js into tools\toolsthread.js
AutoBuild: Including build template config/builds/sorceress.cold.js into tools\party.js
AutoBuild: Including build template config/builds/sorceress.cold.js into default.dbj
AutoBuild: Including build template config/builds/sorceress.cold.js into tools\autobuildthread.js
AutoBuild: Loaded helper thread
AutoBuild: Including build template config/builds/sorceress.cold.js into tools\townchicken.js
AutoBuild: Including build template config/builds/sorceress.cold.js into tools\party.js
AutoBuild: Including build template config/builds/sorceress.cold.js into tools\toolsthread.js
AutoBuild: Stat points: 5      Skill points: 1
AutoBuild: Level up detected ( 23 --> 24 )
AutoBuild: Updating Config from level 23 to 24
AutoBuild: Incrementing cached character level to 24
AutoBuild: Including build template config/builds/sorceress.cold.js into default.dbj
AutoBuild: Including build template config/builds/sorceress.cold.js into tools\autobuildthread.js
AutoBuild: Loaded helper thread
AutoBuild: Including build template config/builds/sorceress.cold.js into tools\party.js
AutoBuild: Including build template config/builds/sorceress.cold.js into tools\toolsthread.js
AutoBuild: Including build template config/builds/sorceress.cold.js into tools\townchicken.js
AutoBuild: Including build template config/builds/sorceress.cold.js into default.dbj
AutoBuild: Including build template config/builds/sorceress.cold.js into tools\autobuildthread.js
AutoBuild: Loaded helper thread
AutoBuild: Including build template config/builds/sorceress.cold.js into tools\townchicken.js
AutoBuild: Including build template config/builds/sorceress.cold.js into tools\party.js
AutoBuild: Including build template config/builds/sorceress.cold.js into tools\toolsthread.js
AutoBuild: Including build template config/builds/sorceress.cold.js into default.dbj
AutoBuild: Including build template config/builds/sorceress.cold.js into tools\autobuildthread.js
AutoBuild: Loaded helper thread
AutoBuild: Including build template config/builds/sorceress.cold.js into tools\toolsthread.js
AutoBuild: Including build template config/builds/sorceress.cold.js into tools\party.js
AutoBuild: Including build template config/builds/sorceress.cold.js into tools\townchicken.js
AutoBuild: Stat points: 5      Skill points: 3
AutoBuild: Level up detected ( 24 --> 25 )
AutoBuild: Updating Config from level 24 to 25
AutoBuild: Incrementing cached character level to 25
AutoBuild: Including build template config/builds/sorceress.cold.js into default.dbj
AutoBuild: Including build template config/builds/sorceress.cold.js into tools\autobuildthread.js
AutoBuild: Loaded helper thread
AutoBuild: Including build template config/builds/sorceress.cold.js into tools\townchicken.js
AutoBuild: Including build template config/builds/sorceress.cold.js into tools\party.js
AutoBuild: Including build template config/builds/sorceress.cold.js into tools\toolsthread.js
AutoBuild: Including build template config/builds/sorceress.cold.js into default.dbj
AutoBuild: Including build template config/builds/sorceress.cold.js into tools\autobuildthread.js
AutoBuild: Loaded helper thread
AutoBuild: Including build template config/builds/sorceress.cold.js into tools\party.js
AutoBuild: Including build template config/builds/sorceress.cold.js into tools\toolsthread.js
AutoBuild: Including build template config/builds/sorceress.cold.js into tools\townchicken.js
AutoBuild: Stat points: 5      Skill points: 1
AutoBuild: Level up detected ( 25 --> 26 )
AutoBuild: Updating Config from level 25 to 26
AutoBuild: Incrementing cached character level to 26
AutoBuild: Including build template config/builds/sorceress.cold.js into default.dbj
AutoBuild: Including build template config/builds/sorceress.cold.js into tools\autobuildthread.js
AutoBuild: Loaded helper thread
AutoBuild: Including build template config/builds/sorceress.cold.js into tools\toolsthread.js
AutoBuild: Including build template config/builds/sorceress.cold.js into tools\party.js
AutoBuild: Including build template config/builds/sorceress.cold.js into tools\townchicken.js
AutoBuild: Including build template config/builds/sorceress.cold.js into default.dbj
AutoBuild: Including build template config/builds/sorceress.cold.js into tools\autobuildthread.js
AutoBuild: Loaded helper thread
AutoBuild: Including build template config/builds/sorceress.cold.js into tools\party.js
AutoBuild: Including build template config/builds/sorceress.cold.js into tools\toolsthread.js
AutoBuild: Including build template config/builds/sorceress.cold.js into tools\townchicken.js
AutoBuild: Including build template config/builds/sorceress.cold.js into default.dbj
AutoBuild: Including build template config/builds/sorceress.cold.js into tools\autobuildthread.js
AutoBuild: Loaded helper thread
AutoBuild: Including build template config/builds/sorceress.cold.js into tools\townchicken.js
AutoBuild: Including build template config/builds/sorceress.cold.js into tools\party.js
AutoBuild: Including build template config/builds/sorceress.cold.js into tools\toolsthread.js
AutoBuild: Including build template config/builds/sorceress.cold.js into default.dbj
AutoBuild: Including build template config/builds/sorceress.cold.js into tools\autobuildthread.js
AutoBuild: Loaded helper thread
AutoBuild: Including build template config/builds/sorceress.cold.js into tools\townchicken.js
AutoBuild: Including build template config/builds/sorceress.cold.js into tools\toolsthread.js
AutoBuild: Including build template config/builds/sorceress.cold.js into tools\party.js
AutoBuild: Including build template config/builds/sorceress.cold.js into default.dbj
AutoBuild: Including build template config/builds/sorceress.cold.js into tools\autobuildthread.js
AutoBuild: Loaded helper thread
AutoBuild: Including build template config/builds/sorceress.cold.js into tools\toolsthread.js
AutoBuild: Including build template config/builds/sorceress.cold.js into tools\party.js
AutoBuild: Including build template config/builds/sorceress.cold.js into tools\townchicken.js
AutoBuild: Including build template config/builds/sorceress.cold.js into default.dbj
AutoBuild: Including build template config/builds/sorceress.cold.js into tools\autobuildthread.js
AutoBuild: Loaded helper thread
AutoBuild: Including build template config/builds/sorceress.cold.js into tools\toolsthread.js
AutoBuild: Including build template config/builds/sorceress.cold.js into tools\party.js
AutoBuild: Including build template config/builds/sorceress.cold.js into tools\townchicken.js
AutoBuild: Stat points: 5      Skill points: 1
AutoBuild: Level up detected ( 26 --> 27 )
AutoBuild: Updating Config from level 26 to 27
AutoBuild: Incrementing cached character level to 27
AutoBuild: Including build template config/builds/sorceress.cold.js into default.dbj
AutoBuild: Including build template config/builds/sorceress.cold.js into tools\autobuildthread.js
AutoBuild: Loaded helper thread
AutoBuild: Including build template config/builds/sorceress.cold.js into tools\toolsthread.js
AutoBuild: Including build template config/builds/sorceress.cold.js into tools\party.js
AutoBuild: Including build template config/builds/sorceress.cold.js into tools\townchicken.js
AutoBuild: Including build template config/builds/sorceress.cold.js into default.dbj
AutoBuild: Including build template config/builds/sorceress.cold.js into tools\autobuildthread.js
AutoBuild: Loaded helper thread
AutoBuild: Including build template config/builds/sorceress.cold.js into tools\townchicken.js
AutoBuild: Including build template config/builds/sorceress.cold.js into tools\party.js
AutoBuild: Including build template config/builds/sorceress.cold.js into tools\toolsthread.js
AutoBuild: Including build template config/builds/sorceress.cold.js into default.dbj
AutoBuild: Including build template config/builds/sorceress.cold.js into tools\autobuildthread.js
AutoBuild: Loaded helper thread
AutoBuild: Including build template config/builds/sorceress.cold.js into tools\party.js
AutoBuild: Including build template config/builds/sorceress.cold.js into tools\toolsthread.js
AutoBuild: Including build template config/builds/sorceress.cold.js into tools\townchicken.js
AutoBuild: Including build template config/builds/sorceress.cold.js into default.dbj
AutoBuild: Including build template config/builds/sorceress.cold.js into tools\autobuildthread.js
AutoBuild: Loaded helper thread
AutoBuild: Including build template config/builds/sorceress.cold.js into tools\toolsthread.js
AutoBuild: Including build template config/builds/sorceress.cold.js into tools\party.js
AutoBuild: Including build template config/builds/sorceress.cold.js into tools\townchicken.js
AutoBuild: Including build template config/builds/sorceress.cold.js into default.dbj
AutoBuild: Including build template config/builds/sorceress.cold.js into tools\autobuildthread.js
AutoBuild: Loaded helper thread
AutoBuild: Including build template config/builds/sorceress.cold.js into tools\party.js
AutoBuild: Including build template config/builds/sorceress.cold.js into tools\toolsthread.js
AutoBuild: Including build template config/builds/sorceress.cold.js into tools\townchicken.js
AutoBuild: Including build template config/builds/sorceress.cold.js into default.dbj
AutoBuild: Including build template config/builds/sorceress.cold.js into tools\autobuildthread.js
AutoBuild: Loaded helper thread
AutoBuild: Including build template config/builds/sorceress.cold.js into tools\townchicken.js
AutoBuild: Including build template config/builds/sorceress.cold.js into tools\toolsthread.js
AutoBuild: Including build template config/builds/sorceress.cold.js into tools\party.js
AutoBuild: Including build template config/builds/sorceress.cold.js into default.dbj
AutoBuild: Including build template config/builds/sorceress.cold.js into tools\autobuildthread.js
AutoBuild: Loaded helper thread
AutoBuild: Including build template config/builds/sorceress.cold.js into tools\townchicken.js
AutoBuild: Including build template config/builds/sorceress.cold.js into tools\toolsthread.js
AutoBuild: Including build template config/builds/sorceress.cold.js into tools\party.js
AutoBuild: Stat points: 5      Skill points: 1
AutoBuild: Level up detected ( 27 --> 28 )
AutoBuild: Updating Config from level 27 to 28
AutoBuild: Incrementing cached character level to 28
AutoBuild: Including build template config/builds/sorceress.cold.js into default.dbj
AutoBuild: Including build template config/builds/sorceress.cold.js into tools\autobuildthread.js
AutoBuild: Loaded helper thread
AutoBuild: Including build template config/builds/sorceress.cold.js into tools\toolsthread.js
AutoBuild: Including build template config/builds/sorceress.cold.js into tools\party.js
AutoBuild: Including build template config/builds/sorceress.cold.js into tools\townchicken.js
AutoBuild: Stat points: 5      Skill points: 1
AutoBuild: Level up detected ( 28 --> 29 )
AutoBuild: Updating Config from level 28 to 29
AutoBuild: Incrementing cached character level to 29
AutoBuild: Stat points: 5      Skill points: 1
AutoBuild: Level up detected ( 29 --> 30 )
AutoBuild: Updating Config from level 29 to 30
AutoBuild: Incrementing cached character level to 30
AutoBuild: Including build template config/builds/sorceress.cold.js into default.dbj
AutoBuild: Including build template config/builds/sorceress.cold.js into tools\autobuildthread.js
AutoBuild: Loaded helper thread
AutoBuild: Including build template config/builds/sorceress.cold.js into tools\party.js
AutoBuild: Including build template config/builds/sorceress.cold.js into tools\toolsthread.js
AutoBuild: Including build template config/builds/sorceress.cold.js into tools\townchicken.js
AutoBuild: Stat points: 5      Skill points: 1
AutoBuild: Level up detected ( 30 --> 31 )
AutoBuild: Updating Config from level 30 to 31
AutoBuild: Incrementing cached character level to 31
AutoBuild: Including build template config/builds/sorceress.cold.js into default.dbj
AutoBuild: Including build template config/builds/sorceress.cold.js into tools\autobuildthread.js
AutoBuild: Loaded helper thread
AutoBuild: Including build template config/builds/sorceress.cold.js into tools\townchicken.js
AutoBuild: Including build template config/builds/sorceress.cold.js into tools\party.js
AutoBuild: Including build template config/builds/sorceress.cold.js into tools\toolsthread.js
AutoBuild: Stat points: 5      Skill points: 1
AutoBuild: Level up detected ( 31 --> 32 )
AutoBuild: Updating Config from level 31 to 32
AutoBuild: Incrementing cached character level to 32
AutoBuild: Including build template config/builds/sorceress.cold.js into default.dbj
AutoBuild: Including build template config/builds/sorceress.cold.js into tools\autobuildthread.js
AutoBuild: Loaded helper thread
AutoBuild: Including build template config/builds/sorceress.cold.js into tools\toolsthread.js
AutoBuild: Including build template config/builds/sorceress.cold.js into tools\party.js
AutoBuild: Including build template config/builds/sorceress.cold.js into tools\townchicken.js
AutoBuild: Stat points: 5      Skill points: 1
AutoBuild: Level up detected ( 32 --> 33 )
AutoBuild: Updating Config from level 32 to 33
AutoBuild: Incrementing cached character level to 33
AutoBuild: Including build template config/builds/sorceress.cold.js into default.dbj
AutoBuild: Including build template config/builds/sorceress.cold.js into tools\autobuildthread.js
AutoBuild: Loaded helper thread
AutoBuild: Including build template config/builds/sorceress.cold.js into tools\party.js
AutoBuild: Including build template config/builds/sorceress.cold.js into tools\townchicken.js
AutoBuild: Including build template config/builds/sorceress.cold.js into tools\toolsthread.js
AutoBuild: Including build template config/builds/sorceress.cold.js into default.dbj
AutoBuild: Including build template config/builds/sorceress.cold.js into tools\autobuildthread.js
AutoBuild: Loaded helper thread
AutoBuild: Including build template config/builds/sorceress.cold.js into tools\toolsthread.js
AutoBuild: Including build template config/builds/sorceress.cold.js into tools\townchicken.js
AutoBuild: Including build template config/builds/sorceress.cold.js into tools\party.js
AutoBuild: Stat points: 5      Skill points: 1
AutoBuild: Level up detected ( 33 --> 34 )
AutoBuild: Updating Config from level 33 to 34
AutoBuild: Incrementing cached character level to 34
AutoBuild: Including build template config/builds/sorceress.cold.js into default.dbj
AutoBuild: Including build template config/builds/sorceress.cold.js into tools\autobuildthread.js
AutoBuild: Loaded helper thread
AutoBuild: Including build template config/builds/sorceress.cold.js into tools\party.js
AutoBuild: Including build template config/builds/sorceress.cold.js into tools\toolsthread.js
AutoBuild: Including build template config/builds/sorceress.cold.js into tools\townchicken.js
AutoBuild: Including build template config/builds/sorceress.cold.js into default.dbj
AutoBuild: Including build template config/builds/sorceress.cold.js into tools\autobuildthread.js
AutoBuild: Loaded helper thread
AutoBuild: Including build template config/builds/sorceress.cold.js into tools\townchicken.js
AutoBuild: Including build template config/builds/sorceress.cold.js into tools\toolsthread.js
AutoBuild: Including build template config/builds/sorceress.cold.js into tools\party.js
