AutoBuild: Including build template config/builds/sorceress.cold.js into default.dbj
AutoBuild: Including build template config/builds/sorceress.cold.js into tools\autobuildthread.js
AutoBuild: Loaded helper thread
AutoBuild: Including build template config/builds/sorceress.cold.js into tools\townchicken.js
AutoBuild: Including build template config/builds/sorceress.cold.js into tools\party.js
AutoBuild: Including build template config/builds/sorceress.cold.js into tools\toolsthread.js
AutoBuild: Including build template config/builds/sorceress.cold.js into default.dbj
AutoBuild: Including build template config/builds/sorceress.cold.js into tools\autobuildthread.js
AutoBuild: Loaded helper thread
AutoBuild: Including build template config/builds/sorceress.cold.js into tools\toolsthread.js
AutoBuild: Including build template config/builds/sorceress.cold.js into tools\townchicken.js
AutoBuild: Including build template config/builds/sorceress.cold.js into tools\party.js
AutoBuild: Stat points: 5      Skill points: 1
AutoBuild: Level up detected ( 68 --> 69 )
AutoBuild: Updating Config from level 68 to 69
AutoBuild: Incrementing cached character level to 69
AutoBuild: Including build template config/builds/sorceress.cold.js into default.dbj
AutoBuild: Including build template config/builds/sorceress.cold.js into tools\autobuildthread.js
AutoBuild: Loaded helper thread
AutoBuild: Including build template config/builds/sorceress.cold.js into tools\party.js
AutoBuild: Including build template config/builds/sorceress.cold.js into tools\toolsthread.js
AutoBuild: Including build template config/builds/sorceress.cold.js into tools\townchicken.js
AutoBuild: Including build template config/builds/sorceress.cold.js into default.dbj
AutoBuild: Including build template config/builds/sorceress.cold.js into tools\autobuildthread.js
AutoBuild: Loaded helper thread
AutoBuild: Including build template config/builds/sorceress.cold.js into tools\toolsthread.js
AutoBuild: Including build template config/builds/sorceress.cold.js into tools\party.js
AutoBuild: Including build template config/builds/sorceress.cold.js into tools\townchicken.js
AutoBuild: Stat points: 5      Skill points: 1
AutoBuild: Level up detected ( 69 --> 70 )
AutoBuild: Updating Config from level 69 to 70
AutoBuild: Incrementing cached character level to 70
AutoBuild: Including build template config/builds/sorceress.cold.js into default.dbj
AutoBuild: Including build template config/builds/sorceress.cold.js into tools\autobuildthread.js
AutoBuild: Loaded helper thread
AutoBuild: Including build template config/builds/sorceress.cold.js into tools\toolsthread.js
AutoBuild: Including build template config/builds/sorceress.cold.js into tools\townchicken.js
AutoBuild: Including build template config/builds/sorceress.cold.js into tools\party.js
AutoBuild: Including build template config/builds/sorceress.cold.js into default.dbj
AutoBuild: Including build template config/builds/sorceress.cold.js into tools\autobuildthread.js
AutoBuild: Loaded helper thread
AutoBuild: Including build template config/builds/sorceress.cold.js into tools\toolsthread.js
AutoBuild: Including build template config/builds/sorceress.cold.js into tools\party.js
AutoBuild: Including build template config/builds/sorceress.cold.js into tools\townchicken.js
AutoBuild: Including build template config/builds/sorceress.cold.js into default.dbj
AutoBuild: Including build template config/builds/sorceress.cold.js into tools\autobuildthread.js
AutoBuild: Loaded helper thread
AutoBuild: Including build template config/builds/sorceress.cold.js into tools\toolsthread.js
AutoBuild: Including build template config/builds/sorceress.cold.js into tools\townchicken.js
AutoBuild: Including build template config/builds/sorceress.cold.js into tools\party.js
AutoBuild: Stat points: 5      Skill points: 1
AutoBuild: Level up detected ( 70 --> 71 )
AutoBuild: Updating Config from level 70 to 71
AutoBuild: Incrementing cached character level to 71
AutoBuild: Including build template config/builds/sorceress.cold.js into default.dbj
AutoBuild: Including build template config/builds/sorceress.cold.js into tools\autobuildthread.js
AutoBuild: Loaded helper thread
AutoBuild: Including build template config/builds/sorceress.cold.js into tools\townchicken.js
AutoBuild: Including build template config/builds/sorceress.cold.js into tools\toolsthread.js
AutoBuild: Including build template config/builds/sorceress.cold.js into tools\party.js
AutoBuild: Including build template config/builds/sorceress.cold.js into default.dbj
AutoBuild: Including build template config/builds/sorceress.cold.js into tools\autobuildthread.js
AutoBuild: Loaded helper thread
AutoBuild: Including build template config/builds/sorceress.cold.js into tools\party.js
AutoBuild: Including build template config/builds/sorceress.cold.js into tools\townchicken.js
AutoBuild: Including build template config/builds/sorceress.cold.js into tools\toolsthread.js
AutoBuild: Stat points: 5      Skill points: 1
AutoBuild: Level up detected ( 71 --> 72 )
AutoBuild: Updating Config from level 71 to 72
AutoBuild: Incrementing cached character level to 72
AutoBuild: Including build template config/builds/sorceress.cold.js into default.dbj
AutoBuild: Including build template config/builds/sorceress.cold.js into tools\autobuildthread.js
AutoBuild: Loaded helper thread
AutoBuild: Including build template config/builds/sorceress.cold.js into tools\townchicken.js
AutoBuild: Including build template config/builds/sorceress.cold.js into tools\party.js
AutoBuild: Including build template config/builds/sorceress.cold.js into tools\toolsthread.js
AutoBuild: Including build template config/builds/sorceress.cold.js into default.dbj
AutoBuild: Including build template config/builds/sorceress.cold.js into tools\autobuildthread.js
AutoBuild: Loaded helper thread
AutoBuild: Including build template config/builds/sorceress.cold.js into tools\party.js
AutoBuild: Including build template config/builds/sorceress.cold.js into tools\townchicken.js
AutoBuild: Including build template config/builds/sorceress.cold.js into tools\toolsthread.js
AutoBuild: Including build template config/builds/sorceress.cold.js into default.dbj
AutoBuild: Including build template config/builds/sorceress.cold.js into tools\autobuildthread.js
AutoBuild: Loaded helper thread
AutoBuild: Including build template config/builds/sorceress.cold.js into tools\party.js
AutoBuild: Including build template config/builds/sorceress.cold.js into tools\townchicken.js
AutoBuild: Including build template config/builds/sorceress.cold.js into tools\toolsthread.js
AutoBuild: Stat points: 5      Skill points: 1
AutoBuild: Level up detected ( 72 --> 73 )
AutoBuild: Updating Config from level 72 to 73
AutoBuild: Incrementing cached character level to 73
AutoBuild: Including build template config/builds/sorceress.cold.js into default.dbj
AutoBuild: Including build template config/builds/sorceress.cold.js into tools\autobuildthread.js
AutoBuild: Loaded helper thread
AutoBuild: Including build template config/builds/sorceress.cold.js into tools\toolsthread.js
AutoBuild: Including build template config/builds/sorceress.cold.js into tools\party.js
AutoBuild: Including build template config/builds/sorceress.cold.js into tools\townchicken.js
AutoBuild: Including build template config/builds/sorceress.cold.js into default.dbj
AutoBuild: Including build template config/builds/sorceress.cold.js into tools\autobuildthread.js
AutoBuild: Loaded helper thread
AutoBuild: Including build template config/builds/sorceress.cold.js into tools\toolsthread.js
AutoBuild: Including build template config/builds/sorceress.cold.js into tools\party.js
AutoBuild: Including build template config/builds/sorceress.cold.js into tools\townchicken.js
AutoBuild: Including build template config/builds/sorceress.cold.js into default.dbj
AutoBuild: Including build template config/builds/sorceress.cold.js into tools\autobuildthread.js
AutoBuild: Loaded helper thread
AutoBuild: Including build template config/builds/sorceress.cold.js into tools\townchicken.js
AutoBuild: Including build template config/builds/sorceress.cold.js into tools\toolsthread.js
AutoBuild: Including build template config/builds/sorceress.cold.js into tools\party.js
AutoBuild: Including build template config/builds/sorceress.cold.js into default.dbj
AutoBuild: Including build template config/builds/sorceress.cold.js into tools\autobuildthread.js
AutoBuild: Loaded helper thread
AutoBuild: Including build template config/builds/sorceress.cold.js into tools\party.js
AutoBuild: Including build template config/builds/sorceress.cold.js into tools\townchicken.js
AutoBuild: Including build template config/builds/sorceress.cold.js into tools\toolsthread.js
AutoBuild: Including build template config/builds/sorceress.cold.js into default.dbj
AutoBuild: Including build template config/builds/sorceress.cold.js into tools\autobuildthread.js
AutoBuild: Loaded helper thread
AutoBuild: Including build template config/builds/sorceress.cold.js into tools\townchicken.js
AutoBuild: Including build template config/builds/sorceress.cold.js into tools\toolsthread.js
AutoBuild: Including build template config/builds/sorceress.cold.js into tools\party.js
AutoBuild: Including build template config/builds/sorceress.cold.js into default.dbj
AutoBuild: Including build template config/builds/sorceress.cold.js into tools\autobuildthread.js
AutoBuild: Loaded helper thread
AutoBuild: Including build template config/builds/sorceress.cold.js into tools\toolsthread.js
AutoBuild: Including build template config/builds/sorceress.cold.js into tools\party.js
AutoBuild: Including build template config/builds/sorceress.cold.js into tools\townchicken.js
AutoBuild: Including build template config/builds/sorceress.cold.js into default.dbj
AutoBuild: Including build template config/builds/sorceress.cold.js into tools\autobuildthread.js
AutoBuild: Loaded helper thread
AutoBuild: Including build template config/builds/sorceress.cold.js into tools\toolsthread.js
AutoBuild: Including build template config/builds/sorceress.cold.js into tools\townchicken.js
AutoBuild: Including build template config/builds/sorceress.cold.js into tools\party.js
AutoBuild: Including build template config/builds/sorceress.cold.js into default.dbj
AutoBuild: Including build template config/builds/sorceress.cold.js into tools\autobuildthread.js
AutoBuild: Loaded helper thread
AutoBuild: Including build template config/builds/sorceress.cold.js into tools\townchicken.js
AutoBuild: Including build template config/builds/sorceress.cold.js into tools\party.js
AutoBuild: Including build template config/builds/sorceress.cold.js into tools\toolsthread.js
AutoBuild: Including build template config/builds/sorceress.cold.js into default.dbj
AutoBuild: Including build template config/builds/sorceress.cold.js into tools\autobuildthread.js
AutoBuild: Loaded helper thread
AutoBuild: Including build template config/builds/sorceress.cold.js into tools\party.js
AutoBuild: Including build template config/builds/sorceress.cold.js into tools\townchicken.js
AutoBuild: Including build template config/builds/sorceress.cold.js into tools\toolsthread.js
AutoBuild: Including build template config/builds/sorceress.cold.js into default.dbj
AutoBuild: Including build template config/builds/sorceress.cold.js into tools\autobuildthread.js
AutoBuild: Loaded helper thread
AutoBuild: Including build template config/builds/sorceress.cold.js into tools\toolsthread.js
AutoBuild: Including build template config/builds/sorceress.cold.js into tools\party.js
AutoBuild: Including build template config/builds/sorceress.cold.js into tools\townchicken.js
AutoBuild: Including build template config/builds/sorceress.cold.js into default.dbj
AutoBuild: Including build template config/builds/sorceress.cold.js into tools\autobuildthread.js
AutoBuild: Loaded helper thread
AutoBuild: Including build template config/builds/sorceress.cold.js into tools\party.js
AutoBuild: Including build template config/builds/sorceress.cold.js into tools\townchicken.js
AutoBuild: Including build template config/builds/sorceress.cold.js into tools\toolsthread.js
AutoBuild: Including build template config/builds/sorceress.cold.js into default.dbj
AutoBuild: Including build template config/builds/sorceress.cold.js into tools\autobuildthread.js
AutoBuild: Loaded helper thread
AutoBuild: Including build template config/builds/sorceress.cold.js into tools\townchicken.js
AutoBuild: Including build template config/builds/sorceress.cold.js into tools\toolsthread.js
AutoBuild: Including build template config/builds/sorceress.cold.js into tools\party.js
AutoBuild: Including build template config/builds/sorceress.cold.js into default.dbj
AutoBuild: Including build template config/builds/sorceress.cold.js into tools\autobuildthread.js
AutoBuild: Loaded helper thread
AutoBuild: Including build template config/builds/sorceress.cold.js into tools\party.js
AutoBuild: Including build template config/builds/sorceress.cold.js into tools\toolsthread.js
AutoBuild: Including build template config/builds/sorceress.cold.js into tools\townchicken.js
AutoBuild: Including build template config/builds/sorceress.cold.js into default.dbj
AutoBuild: Including build template config/builds/sorceress.cold.js into tools\autobuildthread.js
AutoBuild: Loaded helper thread
AutoBuild: Including build template config/builds/sorceress.cold.js into tools\townchicken.js
AutoBuild: Including build template config/builds/sorceress.cold.js into tools\party.js
AutoBuild: Including build template config/builds/sorceress.cold.js into tools\toolsthread.js
AutoBuild: Including build template config/builds/sorceress.cold.js into default.dbj
AutoBuild: Including build template config/builds/sorceress.cold.js into tools\autobuildthread.js
AutoBuild: Loaded helper thread
AutoBuild: Including build template config/builds/sorceress.cold.js into tools\toolsthread.js
AutoBuild: Including build template config/builds/sorceress.cold.js into tools\party.js
AutoBuild: Including build template config/builds/sorceress.cold.js into tools\townchicken.js
AutoBuild: Including build template config/builds/sorceress.cold.js into default.dbj
AutoBuild: Including build template config/builds/sorceress.cold.js into tools\autobuildthread.js
AutoBuild: Loaded helper thread
AutoBuild: Including build template config/builds/sorceress.cold.js into tools\townchicken.js
AutoBuild: Including build template config/builds/sorceress.cold.js into tools\toolsthread.js
AutoBuild: Including build template config/builds/sorceress.cold.js into tools\party.js
AutoBuild: Including build template config/builds/sorceress.cold.js into default.dbj
AutoBuild: Including build template config/builds/sorceress.cold.js into tools\autobuildthread.js
AutoBuild: Loaded helper thread
AutoBuild: Including build template config/builds/sorceress.cold.js into tools\party.js
AutoBuild: Including build template config/builds/sorceress.cold.js into tools\townchicken.js
AutoBuild: Including build template config/builds/sorceress.cold.js into tools\toolsthread.js
AutoBuild: Including build template config/builds/sorceress.cold.js into default.dbj
AutoBuild: Including build template config/builds/sorceress.cold.js into tools\autobuildthread.js
AutoBuild: Loaded helper thread
AutoBuild: Including build template config/builds/sorceress.cold.js into tools\party.js
AutoBuild: Including build template config/builds/sorceress.cold.js into tools\townchicken.js
AutoBuild: Including build template config/builds/sorceress.cold.js into tools\toolsthread.js
AutoBuild: Including build template config/builds/sorceress.cold.js into default.dbj
AutoBuild: Including build template config/builds/sorceress.cold.js into tools\autobuildthread.js
AutoBuild: Loaded helper thread
AutoBuild: Including build template config/builds/sorceress.cold.js into tools\toolsthread.js
AutoBuild: Including build template config/builds/sorceress.cold.js into tools\party.js
AutoBuild: Including build template config/builds/sorceress.cold.js into tools\townchicken.js
AutoBuild: Including build template config/builds/sorceress.cold.js into default.dbj
AutoBuild: Including build template config/builds/sorceress.cold.js into tools\autobuildthread.js
AutoBuild: Loaded helper thread
AutoBuild: Including build template config/builds/sorceress.cold.js into tools\toolsthread.js
AutoBuild: Including build template config/builds/sorceress.cold.js into tools\townchicken.js
AutoBuild: Including build template config/builds/sorceress.cold.js into tools\party.js
AutoBuild: Stat points: 5      Skill points: 1
AutoBuild: Level up detected ( 73 --> 74 )
AutoBuild: Updating Config from level 73 to 74
AutoBuild: Incrementing cached character level to 74
AutoBuild: Including build template config/builds/sorceress.cold.js into default.dbj
AutoBuild: Including build template config/builds/sorceress.cold.js into tools\autobuildthread.js
AutoBuild: Loaded helper thread
AutoBuild: Including build template config/builds/sorceress.cold.js into tools\party.js
AutoBuild: Including build template config/builds/sorceress.cold.js into tools\townchicken.js
AutoBuild: Including build template config/builds/sorceress.cold.js into tools\toolsthread.js
AutoBuild: Including build template config/builds/sorceress.cold.js into default.dbj
AutoBuild: Including build template config/builds/sorceress.cold.js into tools\autobuildthread.js
AutoBuild: Loaded helper thread
AutoBuild: Including build template config/builds/sorceress.cold.js into tools\toolsthread.js
AutoBuild: Including build template config/builds/sorceress.cold.js into tools\party.js
AutoBuild: Including build template config/builds/sorceress.cold.js into tools\townchicken.js
AutoBuild: Including build template config/builds/sorceress.cold.js into default.dbj
AutoBuild: Including build template config/builds/sorceress.cold.js into tools\autobuildthread.js
AutoBuild: Loaded helper thread
AutoBuild: Including build template config/builds/sorceress.cold.js into tools\party.js
AutoBuild: Including build template config/builds/sorceress.cold.js into tools\toolsthread.js
AutoBuild: Including build template config/builds/sorceress.cold.js into tools\townchicken.js
AutoBuild: Including build template config/builds/sorceress.cold.js into default.dbj
AutoBuild: Including build template config/builds/sorceress.cold.js into tools\autobuildthread.js
AutoBuild: Loaded helper thread
AutoBuild: Including build template config/builds/sorceress.cold.js into tools\toolsthread.js
AutoBuild: Including build template config/builds/sorceress.cold.js into tools\party.js
AutoBuild: Including build template config/builds/sorceress.cold.js into tools\townchicken.js
AutoBuild: Including build template config/builds/sorceress.cold.js into default.dbj
AutoBuild: Including build template config/builds/sorceress.cold.js into tools\autobuildthread.js
AutoBuild: Loaded helper thread
AutoBuild: Including build template config/builds/sorceress.cold.js into tools\party.js
AutoBuild: Including build template config/builds/sorceress.cold.js into tools\toolsthread.js
AutoBuild: Including build template config/builds/sorceress.cold.js into tools\townchicken.js
AutoBuild: Including build template config/builds/sorceress.cold.js into default.dbj
AutoBuild: Including build template config/builds/sorceress.cold.js into tools\autobuildthread.js
AutoBuild: Loaded helper thread
AutoBuild: Including build template config/builds/sorceress.cold.js into tools\toolsthread.js
AutoBuild: Including build template config/builds/sorceress.cold.js into tools\party.js
AutoBuild: Including build template config/builds/sorceress.cold.js into tools\townchicken.js
AutoBuild: Including build template config/builds/sorceress.cold.js into default.dbj
AutoBuild: Including build template config/builds/sorceress.cold.js into tools\autobuildthread.js
AutoBuild: Loaded helper thread
AutoBuild: Including build template config/builds/sorceress.cold.js into tools\party.js
AutoBuild: Including build template config/builds/sorceress.cold.js into tools\townchicken.js
AutoBuild: Including build template config/builds/sorceress.cold.js into tools\toolsthread.js
AutoBuild: Including build template config/builds/sorceress.cold.js into default.dbj
AutoBuild: Including build template config/builds/sorceress.cold.js into tools\autobuildthread.js
AutoBuild: Loaded helper thread
AutoBuild: Including build template config/builds/sorceress.cold.js into tools\townchicken.js
AutoBuild: Including build template config/builds/sorceress.cold.js into tools\party.js
AutoBuild: Including build template config/builds/sorceress.cold.js into tools\toolsthread.js
AutoBuild: Including build template config/builds/sorceress.cold.js into default.dbj
AutoBuild: Including build template config/builds/sorceress.cold.js into tools\autobuildthread.js
AutoBuild: Loaded helper thread
AutoBuild: Including build template config/builds/sorceress.cold.js into tools\toolsthread.js
AutoBuild: Including build template config/builds/sorceress.cold.js into tools\party.js
AutoBuild: Including build template config/builds/sorceress.cold.js into tools\townchicken.js
AutoBuild: Including build template config/builds/sorceress.cold.js into default.dbj
AutoBuild: Including build template config/builds/sorceress.cold.js into tools\autobuildthread.js
AutoBuild: Loaded helper thread
AutoBuild: Including build template config/builds/sorceress.cold.js into tools\townchicken.js
AutoBuild: Including build template config/builds/sorceress.cold.js into tools\toolsthread.js
AutoBuild: Including build template config/builds/sorceress.cold.js into tools\party.js
AutoBuild: Including build template config/builds/sorceress.cold.js into default.dbj
AutoBuild: Including build template config/builds/sorceress.cold.js into tools\autobuildthread.js
AutoBuild: Loaded helper thread
AutoBuild: Including build template config/builds/sorceress.cold.js into tools\party.js
AutoBuild: Including build template config/builds/sorceress.cold.js into tools\toolsthread.js
AutoBuild: Including build template config/builds/sorceress.cold.js into tools\townchicken.js
AutoBuild: Including build template config/builds/sorceress.cold.js into default.dbj
AutoBuild: Including build template config/builds/sorceress.cold.js into tools\autobuildthread.js
AutoBuild: Loaded helper thread
AutoBuild: Including build template config/builds/sorceress.cold.js into tools\toolsthread.js
AutoBuild: Including build template config/builds/sorceress.cold.js into tools\party.js
AutoBuild: Including build template config/builds/sorceress.cold.js into tools\townchicken.js
AutoBuild: Including build template config/builds/sorceress.cold.js into default.dbj
AutoBuild: Including build template config/builds/sorceress.cold.js into tools\autobuildthread.js
AutoBuild: Loaded helper thread
AutoBuild: Including build template config/builds/sorceress.cold.js into tools\party.js
AutoBuild: Including build template config/builds/sorceress.cold.js into tools\townchicken.js
AutoBuild: Including build template config/builds/sorceress.cold.js into tools\toolsthread.js
AutoBuild: Including build template config/builds/sorceress.cold.js into default.dbj
AutoBuild: Including build template config/builds/sorceress.cold.js into tools\autobuildthread.js
AutoBuild: Loaded helper thread
AutoBuild: Including build template config/builds/sorceress.cold.js into tools\townchicken.js
AutoBuild: Including build template config/builds/sorceress.cold.js into tools\toolsthread.js
AutoBuild: Including build template config/builds/sorceress.cold.js into tools\party.js
AutoBuild: Including build template config/builds/sorceress.cold.js into default.dbj
AutoBuild: Including build template config/builds/sorceress.cold.js into tools\autobuildthread.js
AutoBuild: Loaded helper thread
AutoBuild: Including build template config/builds/sorceress.cold.js into tools\party.js
AutoBuild: Including build template config/builds/sorceress.cold.js into tools\toolsthread.js
AutoBuild: Including build template config/builds/sorceress.cold.js into tools\townchicken.js
AutoBuild: Including build template config/builds/sorceress.cold.js into default.dbj
AutoBuild: Including build template config/builds/sorceress.cold.js into tools\autobuildthread.js
AutoBuild: Loaded helper thread
AutoBuild: Including build template config/builds/sorceress.cold.js into tools\party.js
AutoBuild: Including build template config/builds/sorceress.cold.js into tools\townchicken.js
AutoBuild: Including build template config/builds/sorceress.cold.js into tools\toolsthread.js
AutoBuild: Including build template config/builds/sorceress.cold.js into default.dbj
AutoBuild: Including build template config/builds/sorceress.cold.js into tools\autobuildthread.js
AutoBuild: Loaded helper thread
AutoBuild: Including build template config/builds/sorceress.cold.js into tools\party.js
AutoBuild: Including build template config/builds/sorceress.cold.js into tools\toolsthread.js
AutoBuild: Including build template config/builds/sorceress.cold.js into tools\townchicken.js
AutoBuild: Including build template config/builds/sorceress.cold.js into default.dbj
AutoBuild: Including build template config/builds/sorceress.cold.js into tools\autobuildthread.js
AutoBuild: Loaded helper thread
AutoBuild: Including build template config/builds/sorceress.cold.js into tools\party.js
AutoBuild: Including build template config/builds/sorceress.cold.js into tools\toolsthread.js
AutoBuild: Including build template config/builds/sorceress.cold.js into tools\townchicken.js
AutoBuild: Including build template config/builds/sorceress.cold.js into default.dbj
AutoBuild: Including build template config/builds/sorceress.cold.js into tools\autobuildthread.js
AutoBuild: Loaded helper thread
AutoBuild: Including build template config/builds/sorceress.cold.js into tools\toolsthread.js
AutoBuild: Including build template config/builds/sorceress.cold.js into tools\party.js
AutoBuild: Including build template config/builds/sorceress.cold.js into tools\townchicken.js
AutoBuild: Including build template config/builds/sorceress.cold.js into default.dbj
AutoBuild: Including build template config/builds/sorceress.cold.js into tools\autobuildthread.js
AutoBuild: Loaded helper thread
AutoBuild: Including build template config/builds/sorceress.cold.js into tools\party.js
AutoBuild: Including build template config/builds/sorceress.cold.js into tools\toolsthread.js
AutoBuild: Including build template config/builds/sorceress.cold.js into tools\townchicken.js
AutoBuild: Including build template config/builds/sorceress.cold.js into default.dbj
AutoBuild: Including build template config/builds/sorceress.cold.js into tools\autobuildthread.js
AutoBuild: Loaded helper thread
AutoBuild: Including build template config/builds/sorceress.cold.js into tools\townchicken.js
AutoBuild: Including build template config/builds/sorceress.cold.js into tools\toolsthread.js
AutoBuild: Including build template config/builds/sorceress.cold.js into tools\party.js
AutoBuild: Including build template config/builds/sorceress.cold.js into default.dbj
AutoBuild: Including build template config/builds/sorceress.cold.js into tools\autobuildthread.js
AutoBuild: Loaded helper thread
AutoBuild: Including build template config/builds/sorceress.cold.js into tools\townchicken.js
AutoBuild: Including build template config/builds/sorceress.cold.js into tools\party.js
AutoBuild: Including build template config/builds/sorceress.cold.js into tools\toolsthread.js
AutoBuild: Including build template config/builds/sorceress.cold.js into default.dbj
AutoBuild: Including build template config/builds/sorceress.cold.js into tools\autobuildthread.js
AutoBuild: Loaded helper thread
AutoBuild: Including build template config/builds/sorceress.cold.js into tools\party.js
AutoBuild: Including build template config/builds/sorceress.cold.js into tools\toolsthread.js
AutoBuild: Including build template config/builds/sorceress.cold.js into tools\townchicken.js
AutoBuild: Including build template config/builds/sorceress.cold.js into default.dbj
AutoBuild: Including build template config/builds/sorceress.cold.js into tools\autobuildthread.js
AutoBuild: Loaded helper thread
AutoBuild: Including build template config/builds/sorceress.cold.js into tools\townchicken.js
AutoBuild: Including build template config/builds/sorceress.cold.js into tools\party.js
AutoBuild: Including build template config/builds/sorceress.cold.js into tools\toolsthread.js
AutoBuild: Including build template config/builds/sorceress.cold.js into default.dbj
AutoBuild: Including build template config/builds/sorceress.cold.js into tools\autobuildthread.js
AutoBuild: Loaded helper thread
AutoBuild: Including build template config/builds/sorceress.cold.js into tools\party.js
AutoBuild: Including build template config/builds/sorceress.cold.js into tools\toolsthread.js
AutoBuild: Including build template config/builds/sorceress.cold.js into tools\townchicken.js
AutoBuild: Including build template config/builds/sorceress.cold.js into default.dbj
AutoBuild: Including build template config/builds/sorceress.cold.js into tools\autobuildthread.js
AutoBuild: Loaded helper thread
AutoBuild: Including build template config/builds/sorceress.cold.js into tools\townchicken.js
AutoBuild: Including build template config/builds/sorceress.cold.js into tools\toolsthread.js
AutoBuild: Including build template config/builds/sorceress.cold.js into tools\party.js
AutoBuild: Including build template config/builds/sorceress.cold.js into default.dbj
AutoBuild: Including build template config/builds/sorceress.cold.js into tools\autobuildthread.js
AutoBuild: Loaded helper thread
AutoBuild: Including build template config/builds/sorceress.cold.js into tools\toolsthread.js
AutoBuild: Including build template config/builds/sorceress.cold.js into tools\party.js
AutoBuild: Including build template config/builds/sorceress.cold.js into tools\townchicken.js
AutoBuild: Including build template config/builds/sorceress.cold.js into default.dbj
AutoBuild: Including build template config/builds/sorceress.cold.js into tools\autobuildthread.js
AutoBuild: Loaded helper thread
AutoBuild: Including build template config/builds/sorceress.cold.js into tools\party.js
AutoBuild: Including build template config/builds/sorceress.cold.js into tools\townchicken.js
AutoBuild: Including build template config/builds/sorceress.cold.js into tools\toolsthread.js
AutoBuild: Including build template config/builds/sorceress.cold.js into default.dbj
AutoBuild: Including build template config/builds/sorceress.cold.js into tools\autobuildthread.js
AutoBuild: Loaded helper thread
AutoBuild: Including build template config/builds/sorceress.cold.js into tools\toolsthread.js
AutoBuild: Including build template config/builds/sorceress.cold.js into tools\party.js
AutoBuild: Including build template config/builds/sorceress.cold.js into tools\townchicken.js
AutoBuild: Including build template config/builds/sorceress.cold.js into default.dbj
AutoBuild: Including build template config/builds/sorceress.cold.js into tools\autobuildthread.js
AutoBuild: Loaded helper thread
AutoBuild: Including build template config/builds/sorceress.cold.js into tools\townchicken.js
AutoBuild: Including build template config/builds/sorceress.cold.js into tools\party.js
AutoBuild: Including build template config/builds/sorceress.cold.js into tools\toolsthread.js
AutoBuild: Including build template config/builds/sorceress.cold.js into default.dbj
AutoBuild: Including build template config/builds/sorceress.cold.js into tools\autobuildthread.js
AutoBuild: Loaded helper thread
AutoBuild: Including build template config/builds/sorceress.cold.js into tools\party.js
AutoBuild: Including build template config/builds/sorceress.cold.js into tools\toolsthread.js
AutoBuild: Including build template config/builds/sorceress.cold.js into tools\townchicken.js
AutoBuild: Including build template config/builds/sorceress.cold.js into default.dbj
AutoBuild: Including build template config/builds/sorceress.cold.js into tools\autobuildthread.js
AutoBuild: Loaded helper thread
AutoBuild: Including build template config/builds/sorceress.cold.js into tools\toolsthread.js
AutoBuild: Including build template config/builds/sorceress.cold.js into tools\party.js
AutoBuild: Including build template config/builds/sorceress.cold.js into tools\townchicken.js
AutoBuild: Including build template config/builds/sorceress.cold.js into default.dbj
AutoBuild: Including build template config/builds/sorceress.cold.js into tools\autobuildthread.js
AutoBuild: Loaded helper thread
AutoBuild: Including build template config/builds/sorceress.cold.js into tools\party.js
AutoBuild: Including build template config/builds/sorceress.cold.js into tools\toolsthread.js
AutoBuild: Including build template config/builds/sorceress.cold.js into tools\townchicken.js
AutoBuild: Including build template config/builds/sorceress.cold.js into default.dbj
AutoBuild: Including build template config/builds/sorceress.cold.js into tools\autobuildthread.js
AutoBuild: Loaded helper thread
AutoBuild: Including build template config/builds/sorceress.cold.js into tools\toolsthread.js
AutoBuild: Including build template config/builds/sorceress.cold.js into tools\party.js
AutoBuild: Including build template config/builds/sorceress.cold.js into tools\townchicken.js
AutoBuild: Including build template config/builds/sorceress.cold.js into default.dbj
AutoBuild: Including build template config/builds/sorceress.cold.js into tools\autobuildthread.js
AutoBuild: Loaded helper thread
AutoBuild: Including build template config/builds/sorceress.cold.js into tools\toolsthread.js
AutoBuild: Including build template config/builds/sorceress.cold.js into tools\townchicken.js
AutoBuild: Including build template config/builds/sorceress.cold.js into tools\party.js
AutoBuild: Including build template config/builds/sorceress.cold.js into default.dbj
AutoBuild: Including build template config/builds/sorceress.cold.js into tools\autobuildthread.js
AutoBuild: Loaded helper thread
AutoBuild: Including build template config/builds/sorceress.cold.js into tools\toolsthread.js
AutoBuild: Including build template config/builds/sorceress.cold.js into tools\townchicken.js
AutoBuild: Including build template config/builds/sorceress.cold.js into tools\party.js
AutoBuild: Including build template config/builds/sorceress.cold.js into default.dbj
AutoBuild: Including build template config/builds/sorceress.cold.js into tools\autobuildthread.js
AutoBuild: Loaded helper thread
AutoBuild: Including build template config/builds/sorceress.cold.js into tools\toolsthread.js
AutoBuild: Including build template config/builds/sorceress.cold.js into tools\townchicken.js
AutoBuild: Including build template config/builds/sorceress.cold.js into tools\party.js
AutoBuild: Including build template config/builds/sorceress.cold.js into default.dbj
AutoBuild: Including build template config/builds/sorceress.cold.js into tools\autobuildthread.js
AutoBuild: Loaded helper thread
AutoBuild: Including build template config/builds/sorceress.cold.js into tools\townchicken.js
AutoBuild: Including build template config/builds/sorceress.cold.js into tools\toolsthread.js
AutoBuild: Including build template config/builds/sorceress.cold.js into tools\party.js
AutoBuild: Including build template config/builds/sorceress.cold.js into default.dbj
AutoBuild: Including build template config/builds/sorceress.cold.js into tools\autobuildthread.js
AutoBuild: Loaded helper thread
AutoBuild: Including build template config/builds/sorceress.cold.js into tools\party.js
AutoBuild: Including build template config/builds/sorceress.cold.js into tools\townchicken.js
AutoBuild: Including build template config/builds/sorceress.cold.js into tools\toolsthread.js
AutoBuild: Including build template config/builds/sorceress.cold.js into default.dbj
AutoBuild: Including build template config/builds/sorceress.cold.js into tools\autobuildthread.js
AutoBuild: Loaded helper thread
AutoBuild: Including build template config/builds/sorceress.cold.js into tools\townchicken.js
AutoBuild: Including build template config/builds/sorceress.cold.js into tools\party.js
AutoBuild: Including build template config/builds/sorceress.cold.js into tools\toolsthread.js
AutoBuild: Including build template config/builds/sorceress.cold.js into default.dbj
AutoBuild: Including build template config/builds/sorceress.cold.js into tools\autobuildthread.js
AutoBuild: Loaded helper thread
AutoBuild: Including build template config/builds/sorceress.cold.js into tools\party.js
AutoBuild: Including build template config/builds/sorceress.cold.js into tools\townchicken.js
AutoBuild: Including build template config/builds/sorceress.cold.js into default.dbj
AutoBuild: Including build template config/builds/sorceress.cold.js into tools\autobuildthread.js
AutoBuild: Loaded helper thread
AutoBuild: Including build template config/builds/sorceress.cold.js into tools\townchicken.js
AutoBuild: Including build template config/builds/sorceress.cold.js into tools\toolsthread.js
AutoBuild: Including build template config/builds/sorceress.cold.js into tools\party.js
AutoBuild: Including build template config/builds/sorceress.cold.js into default.dbj
AutoBuild: Including build template config/builds/sorceress.cold.js into tools\autobuildthread.js
AutoBuild: Loaded helper thread
AutoBuild: Including build template config/builds/sorceress.cold.js into tools\toolsthread.js
AutoBuild: Including build template config/builds/sorceress.cold.js into tools\townchicken.js
AutoBuild: Including build template config/builds/sorceress.cold.js into tools\party.js
AutoBuild: Including build template config/builds/sorceress.cold.js into default.dbj
AutoBuild: Including build template config/builds/sorceress.cold.js into tools\autobuildthread.js
AutoBuild: Loaded helper thread
AutoBuild: Including build template config/builds/sorceress.cold.js into tools\townchicken.js
AutoBuild: Including build template config/builds/sorceress.cold.js into tools\toolsthread.js
AutoBuild: Including build template config/builds/sorceress.cold.js into tools\party.js
AutoBuild: Including build template config/builds/sorceress.cold.js into default.dbj
AutoBuild: Including build template config/builds/sorceress.cold.js into tools\autobuildthread.js
AutoBuild: Loaded helper thread
AutoBuild: Including build template config/builds/sorceress.cold.js into tools\party.js
AutoBuild: Including build template config/builds/sorceress.cold.js into tools\toolsthread.js
AutoBuild: Including build template config/builds/sorceress.cold.js into tools\townchicken.js
AutoBuild: Including build template config/builds/sorceress.cold.js into default.dbj
AutoBuild: Including build template config/builds/sorceress.cold.js into tools\autobuildthread.js
AutoBuild: Loaded helper thread
AutoBuild: Including build template config/builds/sorceress.cold.js into tools\party.js
AutoBuild: Including build template config/builds/sorceress.cold.js into tools\townchicken.js
AutoBuild: Including build template config/builds/sorceress.cold.js into tools\toolsthread.js
AutoBuild: Including build template config/builds/sorceress.cold.js into default.dbj
AutoBuild: Including build template config/builds/sorceress.cold.js into tools\autobuildthread.js
AutoBuild: Loaded helper thread
AutoBuild: Including build template config/builds/sorceress.cold.js into tools\townchicken.js
AutoBuild: Including build template config/builds/sorceress.cold.js into tools\party.js
AutoBuild: Including build template config/builds/sorceress.cold.js into tools\toolsthread.js
AutoBuild: Including build template config/builds/sorceress.cold.js into default.dbj
AutoBuild: Including build template config/builds/sorceress.cold.js into tools\autobuildthread.js
AutoBuild: Loaded helper thread
AutoBuild: Including build template config/builds/sorceress.cold.js into tools\toolsthread.js
AutoBuild: Including build template config/builds/sorceress.cold.js into tools\party.js
AutoBuild: Including build template config/builds/sorceress.cold.js into tools\townchicken.js
AutoBuild: Including build template config/builds/sorceress.cold.js into default.dbj
AutoBuild: Including build template config/builds/sorceress.cold.js into tools\autobuildthread.js
AutoBuild: Loaded helper thread
AutoBuild: Including build template config/builds/sorceress.cold.js into tools\toolsthread.js
AutoBuild: Including build template config/builds/sorceress.cold.js into tools\party.js
AutoBuild: Including build template config/builds/sorceress.cold.js into tools\townchicken.js
AutoBuild: Including build template config/builds/sorceress.cold.js into default.dbj
AutoBuild: Including build template config/builds/sorceress.cold.js into tools\autobuildthread.js
AutoBuild: Loaded helper thread
AutoBuild: Including build template config/builds/sorceress.cold.js into tools\party.js
AutoBuild: Including build template config/builds/sorceress.cold.js into tools\townchicken.js
AutoBuild: Including build template config/builds/sorceress.cold.js into tools\toolsthread.js
AutoBuild: Including build template config/builds/sorceress.cold.js into default.dbj
AutoBuild: Including build template config/builds/sorceress.cold.js into tools\autobuildthread.js
AutoBuild: Loaded helper thread
AutoBuild: Including build template config/builds/sorceress.cold.js into tools\party.js
AutoBuild: Including build template config/builds/sorceress.cold.js into tools\townchicken.js
AutoBuild: Including build template config/builds/sorceress.cold.js into tools\toolsthread.js
AutoBuild: Including build template config/builds/sorceress.cold.js into default.dbj
AutoBuild: Including build template config/builds/sorceress.cold.js into tools\autobuildthread.js
AutoBuild: Loaded helper thread
AutoBuild: Including build template config/builds/sorceress.cold.js into tools\toolsthread.js
AutoBuild: Including build template config/builds/sorceress.cold.js into tools\townchicken.js
AutoBuild: Including build template config/builds/sorceress.cold.js into default.dbj
AutoBuild: Including build template config/builds/sorceress.cold.js into tools\autobuildthread.js
AutoBuild: Loaded helper thread
AutoBuild: Including build template config/builds/sorceress.cold.js into tools\toolsthread.js
AutoBuild: Including build template config/builds/sorceress.cold.js into tools\party.js
AutoBuild: Including build template config/builds/sorceress.cold.js into tools\townchicken.js
AutoBuild: Including build template config/builds/sorceress.cold.js into default.dbj
AutoBuild: Including build template config/builds/sorceress.cold.js into tools\autobuildthread.js
AutoBuild: Loaded helper thread
AutoBuild: Including build template config/builds/sorceress.cold.js into tools\townchicken.js
AutoBuild: Including build template config/builds/sorceress.cold.js into tools\toolsthread.js
AutoBuild: Including build template config/builds/sorceress.cold.js into tools\party.js
AutoBuild: Including build template config/builds/sorceress.cold.js into default.dbj
AutoBuild: Including build template config/builds/sorceress.cold.js into tools\autobuildthread.js
AutoBuild: Loaded helper thread
AutoBuild: Including build template config/builds/sorceress.cold.js into tools\toolsthread.js
AutoBuild: Including build template config/builds/sorceress.cold.js into tools\townchicken.js
AutoBuild: Including build template config/builds/sorceress.cold.js into tools\party.js
AutoBuild: Including build template config/builds/sorceress.cold.js into default.dbj
AutoBuild: Including build template config/builds/sorceress.cold.js into tools\autobuildthread.js
AutoBuild: Loaded helper thread
AutoBuild: Including build template config/builds/sorceress.cold.js into tools\party.js
AutoBuild: Including build template config/builds/sorceress.cold.js into tools\townchicken.js
AutoBuild: Including build template config/builds/sorceress.cold.js into tools\toolsthread.js
AutoBuild: Including build template config/builds/sorceress.cold.js into default.dbj
AutoBuild: Including build template config/builds/sorceress.cold.js into tools\autobuildthread.js
AutoBuild: Loaded helper thread
AutoBuild: Including build template config/builds/sorceress.cold.js into tools\toolsthread.js
AutoBuild: Including build template config/builds/sorceress.cold.js into tools\townchicken.js
AutoBuild: Including build template config/builds/sorceress.cold.js into tools\party.js
AutoBuild: Including build template config/builds/sorceress.cold.js into default.dbj
AutoBuild: Including build template config/builds/sorceress.cold.js into tools\autobuildthread.js
AutoBuild: Loaded helper thread
AutoBuild: Including build template config/builds/sorceress.cold.js into tools\party.js
AutoBuild: Including build template config/builds/sorceress.cold.js into tools\toolsthread.js
AutoBuild: Including build template config/builds/sorceress.cold.js into tools\townchicken.js
AutoBuild: Including build template config/builds/sorceress.cold.js into default.dbj
AutoBuild: Including build template config/builds/sorceress.cold.js into tools\autobuildthread.js
AutoBuild: Loaded helper thread
AutoBuild: Including build template config/builds/sorceress.cold.js into tools\toolsthread.js
AutoBuild: Including build template config/builds/sorceress.cold.js into tools\townchicken.js
AutoBuild: Including build template config/builds/sorceress.cold.js into tools\party.js
AutoBuild: Including build template config/builds/sorceress.cold.js into default.dbj
AutoBuild: Including build template config/builds/sorceress.cold.js into tools\autobuildthread.js
AutoBuild: Loaded helper thread
AutoBuild: Including build template config/builds/sorceress.cold.js into tools\party.js
AutoBuild: Including build template config/builds/sorceress.cold.js into tools\toolsthread.js
AutoBuild: Including build template config/builds/sorceress.cold.js into tools\townchicken.js
AutoBuild: Including build template config/builds/sorceress.cold.js into default.dbj
AutoBuild: Including build template config/builds/sorceress.cold.js into tools\autobuildthread.js
AutoBuild: Loaded helper thread
AutoBuild: Including build template config/builds/sorceress.cold.js into tools\party.js
AutoBuild: Including build template config/builds/sorceress.cold.js into tools\toolsthread.js
AutoBuild: Including build template config/builds/sorceress.cold.js into tools\townchicken.js
AutoBuild: Including build template config/builds/sorceress.cold.js into default.dbj
AutoBuild: Including build template config/builds/sorceress.cold.js into tools\autobuildthread.js
AutoBuild: Loaded helper thread
AutoBuild: Including build template config/builds/sorceress.cold.js into tools\townchicken.js
AutoBuild: Including build template config/builds/sorceress.cold.js into tools\toolsthread.js
AutoBuild: Including build template config/builds/sorceress.cold.js into tools\party.js
AutoBuild: Including build template config/builds/sorceress.cold.js into default.dbj
AutoBuild: Including build template config/builds/sorceress.cold.js into tools\autobuildthread.js
AutoBuild: Loaded helper thread
AutoBuild: Including build template config/builds/sorceress.cold.js into tools\townchicken.js
AutoBuild: Including build template config/builds/sorceress.cold.js into tools\party.js
AutoBuild: Including build template config/builds/sorceress.cold.js into tools\toolsthread.js
AutoBuild: Including build template config/builds/sorceress.cold.js into default.dbj
AutoBuild: Including build template config/builds/sorceress.cold.js into tools\autobuildthread.js
AutoBuild: Loaded helper thread
AutoBuild: Including build template config/builds/sorceress.cold.js into tools\toolsthread.js
AutoBuild: Including build template config/builds/sorceress.cold.js into tools\townchicken.js
AutoBuild: Including build template config/builds/sorceress.cold.js into tools\party.js
AutoBuild: Including build template config/builds/sorceress.cold.js into default.dbj
AutoBuild: Including build template config/builds/sorceress.cold.js into tools\autobuildthread.js
AutoBuild: Loaded helper thread
AutoBuild: Including build template config/builds/sorceress.cold.js into tools\party.js
AutoBuild: Including build template config/builds/sorceress.cold.js into tools\townchicken.js
AutoBuild: Including build template config/builds/sorceress.cold.js into tools\toolsthread.js
AutoBuild: Including build template config/builds/sorceress.cold.js into default.dbj
AutoBuild: Including build template config/builds/sorceress.cold.js into tools\autobuildthread.js
AutoBuild: Loaded helper thread
AutoBuild: Including build template config/builds/sorceress.cold.js into tools\toolsthread.js
AutoBuild: Including build template config/builds/sorceress.cold.js into tools\townchicken.js
AutoBuild: Including build template config/builds/sorceress.cold.js into tools\party.js
AutoBuild: Including build template config/builds/sorceress.cold.js into default.dbj
AutoBuild: Including build template config/builds/sorceress.cold.js into tools\autobuildthread.js
AutoBuild: Loaded helper thread
AutoBuild: Including build template config/builds/sorceress.cold.js into tools\toolsthread.js
AutoBuild: Including build template config/builds/sorceress.cold.js into tools\party.js
AutoBuild: Including build template config/builds/sorceress.cold.js into tools\townchicken.js
AutoBuild: Including build template config/builds/sorceress.cold.js into default.dbj
AutoBuild: Including build template config/builds/sorceress.cold.js into tools\autobuildthread.js
AutoBuild: Loaded helper thread
AutoBuild: Including build template config/builds/sorceress.cold.js into tools\toolsthread.js
AutoBuild: Including build template config/builds/sorceress.cold.js into tools\party.js
AutoBuild: Including build template config/builds/sorceress.cold.js into tools\townchicken.js
AutoBuild: Including build template config/builds/sorceress.cold.js into default.dbj
AutoBuild: Including build template config/builds/sorceress.cold.js into tools\autobuildthread.js
AutoBuild: Loaded helper thread
AutoBuild: Including build template config/builds/sorceress.cold.js into tools\townchicken.js
AutoBuild: Including build template config/builds/sorceress.cold.js into tools\toolsthread.js
AutoBuild: Including build template config/builds/sorceress.cold.js into default.dbj
AutoBuild: Including build template config/builds/sorceress.cold.js into tools\autobuildthread.js
AutoBuild: Loaded helper thread
AutoBuild: Including build template config/builds/sorceress.cold.js into tools\townchicken.js
AutoBuild: Including build template config/builds/sorceress.cold.js into tools\toolsthread.js
