AutoBuild: Including build template config/builds/sorceress.cold.js into default.dbj
AutoBuild: Including build template config/builds/sorceress.cold.js into tools\autobuildthread.js
AutoBuild: Loaded helper thread
AutoBuild: Including build template config/builds/sorceress.cold.js into tools\townchicken.js
AutoBuild: Including build template config/builds/sorceress.cold.js into tools\toolsthread.js
AutoBuild: Including build template config/builds/sorceress.cold.js into tools\party.js
AutoBuild: Stat points: 5      Skill points: 1
AutoBuild: Level up detected ( 34 --> 35 )
AutoBuild: Updating Config from level 34 to 35
AutoBuild: Incrementing cached character level to 35
AutoBuild: Including build template config/builds/sorceress.cold.js into default.dbj
AutoBuild: Including build template config/builds/sorceress.cold.js into tools\autobuildthread.js
AutoBuild: Loaded helper thread
AutoBuild: Including build template config/builds/sorceress.cold.js into tools\party.js
AutoBuild: Including build template config/builds/sorceress.cold.js into tools\townchicken.js
AutoBuild: Including build template config/builds/sorceress.cold.js into tools\toolsthread.js
AutoBuild: Stat points: 5      Skill points: 1
AutoBuild: Level up detected ( 35 --> 36 )
AutoBuild: Updating Config from level 35 to 36
AutoBuild: Incrementing cached character level to 36
AutoBuild: Including build template config/builds/sorceress.cold.js into default.dbj
AutoBuild: Including build template config/builds/sorceress.cold.js into tools\autobuildthread.js
AutoBuild: Loaded helper thread
AutoBuild: Including build template config/builds/sorceress.cold.js into tools\party.js
AutoBuild: Including build template config/builds/sorceress.cold.js into tools\toolsthread.js
AutoBuild: Including build template config/builds/sorceress.cold.js into tools\townchicken.js
AutoBuild: Stat points: 5      Skill points: 1
AutoBuild: Level up detected ( 36 --> 37 )
AutoBuild: Updating Config from level 36 to 37
AutoBuild: Incrementing cached character level to 37
AutoBuild: Including build template config/builds/sorceress.cold.js into default.dbj
AutoBuild: Including build template config/builds/sorceress.cold.js into tools\autobuildthread.js
AutoBuild: Loaded helper thread
AutoBuild: Including build template config/builds/sorceress.cold.js into tools\party.js
AutoBuild: Including build template config/builds/sorceress.cold.js into tools\toolsthread.js
AutoBuild: Including build template config/builds/sorceress.cold.js into tools\townchicken.js
AutoBuild: Including build template config/builds/sorceress.cold.js into default.dbj
AutoBuild: Including build template config/builds/sorceress.cold.js into tools\autobuildthread.js
AutoBuild: Loaded helper thread
AutoBuild: Including build template config/builds/sorceress.cold.js into tools\toolsthread.js
AutoBuild: Including build template config/builds/sorceress.cold.js into tools\party.js
AutoBuild: Including build template config/builds/sorceress.cold.js into tools\townchicken.js
AutoBuild: Stat points: 5      Skill points: 1
AutoBuild: Level up detected ( 37 --> 38 )
AutoBuild: Updating Config from level 37 to 38
AutoBuild: Incrementing cached character level to 38
AutoBuild: Including build template config/builds/sorceress.cold.js into default.dbj
AutoBuild: Including build template config/builds/sorceress.cold.js into tools\autobuildthread.js
AutoBuild: Loaded helper thread
AutoBuild: Including build template config/builds/sorceress.cold.js into tools\townchicken.js
AutoBuild: Including build template config/builds/sorceress.cold.js into tools\party.js
AutoBuild: Including build template config/builds/sorceress.cold.js into tools\toolsthread.js
AutoBuild: Stat points: 5      Skill points: 1
AutoBuild: Level up detected ( 38 --> 39 )
AutoBuild: Updating Config from level 38 to 39
AutoBuild: Incrementing cached character level to 39
AutoBuild: Including build template config/builds/sorceress.cold.js into default.dbj
AutoBuild: Including build template config/builds/sorceress.cold.js into tools\autobuildthread.js
AutoBuild: Loaded helper thread
AutoBuild: Including build template config/builds/sorceress.cold.js into tools\townchicken.js
AutoBuild: Including build template config/builds/sorceress.cold.js into tools\toolsthread.js
AutoBuild: Including build template config/builds/sorceress.cold.js into tools\party.js
AutoBuild: Including build template config/builds/sorceress.cold.js into default.dbj
AutoBuild: Including build template config/builds/sorceress.cold.js into tools\autobuildthread.js
AutoBuild: Loaded helper thread
AutoBuild: Including build template config/builds/sorceress.cold.js into tools\townchicken.js
AutoBuild: Including build template config/builds/sorceress.cold.js into tools\toolsthread.js
AutoBuild: Including build template config/builds/sorceress.cold.js into tools\party.js
AutoBuild: Stat points: 5      Skill points: 2
AutoBuild: Level up detected ( 39 --> 40 )
AutoBuild: Updating Config from level 39 to 40
AutoBuild: Incrementing cached character level to 40
AutoBuild: Including build template config/builds/sorceress.cold.js into default.dbj
AutoBuild: Including build template config/builds/sorceress.cold.js into tools\autobuildthread.js
AutoBuild: Loaded helper thread
AutoBuild: Including build template config/builds/sorceress.cold.js into tools\party.js
AutoBuild: Including build template config/builds/sorceress.cold.js into tools\townchicken.js
AutoBuild: Including build template config/builds/sorceress.cold.js into tools\toolsthread.js
AutoBuild: Stat points: 5      Skill points: 1
AutoBuild: Level up detected ( 40 --> 41 )
AutoBuild: Updating Config from level 40 to 41
AutoBuild: Incrementing cached character level to 41
AutoBuild: Including build template config/builds/sorceress.cold.js into default.dbj
AutoBuild: Including build template config/builds/sorceress.cold.js into tools\autobuildthread.js
AutoBuild: Loaded helper thread
AutoBuild: Including build template config/builds/sorceress.cold.js into tools\toolsthread.js
AutoBuild: Including build template config/builds/sorceress.cold.js into tools\townchicken.js
AutoBuild: Including build template config/builds/sorceress.cold.js into tools\party.js
AutoBuild: Including build template config/builds/sorceress.cold.js into default.dbj
AutoBuild: Including build template config/builds/sorceress.cold.js into tools\autobuildthread.js
AutoBuild: Loaded helper thread
AutoBuild: Including build template config/builds/sorceress.cold.js into tools\party.js
AutoBuild: Including build template config/builds/sorceress.cold.js into tools\townchicken.js
AutoBuild: Including build template config/builds/sorceress.cold.js into tools\toolsthread.js
AutoBuild: Including build template config/builds/sorceress.cold.js into default.dbj
AutoBuild: Including build template config/builds/sorceress.cold.js into tools\autobuildthread.js
AutoBuild: Loaded helper thread
AutoBuild: Including build template config/builds/sorceress.cold.js into tools\party.js
AutoBuild: Including build template config/builds/sorceress.cold.js into tools\toolsthread.js
AutoBuild: Including build template config/builds/sorceress.cold.js into tools\townchicken.js
AutoBuild: Stat points: 5      Skill points: 1
AutoBuild: Level up detected ( 41 --> 42 )
AutoBuild: Updating Config from level 41 to 42
AutoBuild: Incrementing cached character level to 42
AutoBuild: Including build template config/builds/sorceress.cold.js into default.dbj
AutoBuild: Including build template config/builds/sorceress.cold.js into tools\autobuildthread.js
AutoBuild: Loaded helper thread
AutoBuild: Including build template config/builds/sorceress.cold.js into tools\townchicken.js
AutoBuild: Including build template config/builds/sorceress.cold.js into tools\toolsthread.js
AutoBuild: Including build template config/builds/sorceress.cold.js into tools\party.js
AutoBuild: Including build template config/builds/sorceress.cold.js into default.dbj
AutoBuild: Including build template config/builds/sorceress.cold.js into tools\autobuildthread.js
AutoBuild: Loaded helper thread
AutoBuild: Including build template config/builds/sorceress.cold.js into tools\party.js
AutoBuild: Including build template config/builds/sorceress.cold.js into tools\toolsthread.js
AutoBuild: Including build template config/builds/sorceress.cold.js into tools\townchicken.js
AutoBuild: Including build template config/builds/sorceress.cold.js into default.dbj
AutoBuild: Including build template config/builds/sorceress.cold.js into tools\autobuildthread.js
AutoBuild: Loaded helper thread
AutoBuild: Including build template config/builds/sorceress.cold.js into tools\toolsthread.js
AutoBuild: Including build template config/builds/sorceress.cold.js into tools\townchicken.js
AutoBuild: Including build template config/builds/sorceress.cold.js into tools\party.js
AutoBuild: Including build template config/builds/sorceress.cold.js into default.dbj
AutoBuild: Including build template config/builds/sorceress.cold.js into tools\autobuildthread.js
AutoBuild: Loaded helper thread
AutoBuild: Including build template config/builds/sorceress.cold.js into tools\party.js
AutoBuild: Including build template config/builds/sorceress.cold.js into tools\townchicken.js
AutoBuild: Including build template config/builds/sorceress.cold.js into tools\toolsthread.js
AutoBuild: Stat points: 5      Skill points: 1
AutoBuild: Level up detected ( 42 --> 43 )
AutoBuild: Updating Config from level 42 to 43
AutoBuild: Incrementing cached character level to 43
AutoBuild: Including build template config/builds/sorceress.cold.js into default.dbj
AutoBuild: Including build template config/builds/sorceress.cold.js into tools\autobuildthread.js
AutoBuild: Loaded helper thread
AutoBuild: Including build template config/builds/sorceress.cold.js into tools\party.js
AutoBuild: Including build template config/builds/sorceress.cold.js into tools\townchicken.js
AutoBuild: Including build template config/builds/sorceress.cold.js into tools\toolsthread.js
AutoBuild: Including build template config/builds/sorceress.cold.js into default.dbj
AutoBuild: Including build template config/builds/sorceress.cold.js into tools\autobuildthread.js
AutoBuild: Loaded helper thread
AutoBuild: Including build template config/builds/sorceress.cold.js into tools\party.js
AutoBuild: Including build template config/builds/sorceress.cold.js into tools\toolsthread.js
AutoBuild: Including build template config/builds/sorceress.cold.js into tools\townchicken.js
AutoBuild: Including build template config/builds/sorceress.cold.js into default.dbj
AutoBuild: Including build template config/builds/sorceress.cold.js into tools\autobuildthread.js
AutoBuild: Loaded helper thread
AutoBuild: Including build template config/builds/sorceress.cold.js into tools\toolsthread.js
AutoBuild: Including build template config/builds/sorceress.cold.js into tools\townchicken.js
AutoBuild: Including build template config/builds/sorceress.cold.js into tools\party.js
AutoBuild: Stat points: 5      Skill points: 1
AutoBuild: Level up detected ( 43 --> 44 )
AutoBuild: Updating Config from level 43 to 44
AutoBuild: Incrementing cached character level to 44
AutoBuild: Including build template config/builds/sorceress.cold.js into default.dbj
AutoBuild: Including build template config/builds/sorceress.cold.js into tools\autobuildthread.js
AutoBuild: Loaded helper thread
AutoBuild: Including build template config/builds/sorceress.cold.js into tools\party.js
AutoBuild: Including build template config/builds/sorceress.cold.js into tools\toolsthread.js
AutoBuild: Including build template config/builds/sorceress.cold.js into tools\townchicken.js
AutoBuild: Including build template config/builds/sorceress.cold.js into default.dbj
AutoBuild: Including build template config/builds/sorceress.cold.js into tools\autobuildthread.js
AutoBuild: Loaded helper thread
AutoBuild: Including build template config/builds/sorceress.cold.js into tools\party.js
AutoBuild: Including build template config/builds/sorceress.cold.js into tools\toolsthread.js
AutoBuild: Including build template config/builds/sorceress.cold.js into tools\townchicken.js
AutoBuild: Including build template config/builds/sorceress.cold.js into default.dbj
AutoBuild: Including build template config/builds/sorceress.cold.js into tools\autobuildthread.js
AutoBuild: Loaded helper thread
AutoBuild: Including build template config/builds/sorceress.cold.js into tools\party.js
AutoBuild: Including build template config/builds/sorceress.cold.js into tools\toolsthread.js
AutoBuild: Including build template config/builds/sorceress.cold.js into tools\townchicken.js
AutoBuild: Stat points: 5      Skill points: 1
AutoBuild: Level up detected ( 44 --> 45 )
AutoBuild: Updating Config from level 44 to 45
AutoBuild: Incrementing cached character level to 45
AutoBuild: Including build template config/builds/sorceress.cold.js into default.dbj
AutoBuild: Including build template config/builds/sorceress.cold.js into tools\autobuildthread.js
AutoBuild: Loaded helper thread
AutoBuild: Including build template config/builds/sorceress.cold.js into tools\toolsthread.js
AutoBuild: Including build template config/builds/sorceress.cold.js into tools\townchicken.js
AutoBuild: Including build template config/builds/sorceress.cold.js into tools\party.js
AutoBuild: Including build template config/builds/sorceress.cold.js into default.dbj
AutoBuild: Including build template config/builds/sorceress.cold.js into tools\autobuildthread.js
AutoBuild: Loaded helper thread
AutoBuild: Including build template config/builds/sorceress.cold.js into tools\party.js
AutoBuild: Including build template config/builds/sorceress.cold.js into tools\townchicken.js
AutoBuild: Including build template config/builds/sorceress.cold.js into tools\toolsthread.js
AutoBuild: Including build template config/builds/sorceress.cold.js into default.dbj
AutoBuild: Including build template config/builds/sorceress.cold.js into tools\autobuildthread.js
AutoBuild: Loaded helper thread
AutoBuild: Including build template config/builds/sorceress.cold.js into tools\party.js
AutoBuild: Including build template config/builds/sorceress.cold.js into tools\townchicken.js
AutoBuild: Including build template config/builds/sorceress.cold.js into tools\toolsthread.js
AutoBuild: Including build template config/builds/sorceress.cold.js into default.dbj
AutoBuild: Including build template config/builds/sorceress.cold.js into tools\autobuildthread.js
AutoBuild: Loaded helper thread
AutoBuild: Including build template config/builds/sorceress.cold.js into tools\townchicken.js
AutoBuild: Including build template config/builds/sorceress.cold.js into tools\party.js
AutoBuild: Including build template config/builds/sorceress.cold.js into tools\toolsthread.js
AutoBuild: Including build template config/builds/sorceress.cold.js into default.dbj
AutoBuild: Including build template config/builds/sorceress.cold.js into tools\autobuildthread.js
AutoBuild: Loaded helper thread
AutoBuild: Including build template config/builds/sorceress.cold.js into tools\townchicken.js
AutoBuild: Including build template config/builds/sorceress.cold.js into tools\toolsthread.js
AutoBuild: Including build template config/builds/sorceress.cold.js into tools\party.js
AutoBuild: Stat points: 5      Skill points: 1
AutoBuild: Level up detected ( 45 --> 46 )
AutoBuild: Updating Config from level 45 to 46
AutoBuild: Incrementing cached character level to 46
AutoBuild: Including build template config/builds/sorceress.cold.js into default.dbj
AutoBuild: Including build template config/builds/sorceress.cold.js into tools\autobuildthread.js
AutoBuild: Loaded helper thread
AutoBuild: Including build template config/builds/sorceress.cold.js into tools\party.js
AutoBuild: Including build template config/builds/sorceress.cold.js into tools\townchicken.js
AutoBuild: Including build template config/builds/sorceress.cold.js into tools\toolsthread.js
AutoBuild: Including build template config/builds/sorceress.cold.js into default.dbj
AutoBuild: Including build template config/builds/sorceress.cold.js into tools\autobuildthread.js
AutoBuild: Loaded helper thread
AutoBuild: Including build template config/builds/sorceress.cold.js into tools\party.js
AutoBuild: Including build template config/builds/sorceress.cold.js into tools\toolsthread.js
AutoBuild: Including build template config/builds/sorceress.cold.js into tools\townchicken.js
AutoBuild: Including build template config/builds/sorceress.cold.js into default.dbj
AutoBuild: Including build template config/builds/sorceress.cold.js into tools\autobuildthread.js
AutoBuild: Loaded helper thread
AutoBuild: Including build template config/builds/sorceress.cold.js into tools\toolsthread.js
AutoBuild: Including build template config/builds/sorceress.cold.js into tools\townchicken.js
AutoBuild: Including build template config/builds/sorceress.cold.js into tools\party.js
