AutoBuild: Including build template config/builds/sorceress.fire.js into default.dbj
AutoBuild: Including build template config/builds/sorceress.fire.js into tools\autobuildthread.js
AutoBuild: Loaded helper thread
AutoBuild: Including build template config/builds/sorceress.fire.js into tools\toolsthread.js
AutoBuild: Including build template config/builds/sorceress.fire.js into tools\party.js
AutoBuild: Including build template config/builds/sorceress.fire.js into tools\townchicken.js
AutoBuild: Including build template config/builds/sorceress.fire.js into default.dbj
AutoBuild: Including build template config/builds/sorceress.fire.js into tools\autobuildthread.js
AutoBuild: Loaded helper thread
AutoBuild: Including build template config/builds/sorceress.fire.js into tools\party.js
AutoBuild: Including build template config/builds/sorceress.fire.js into tools\toolsthread.js
AutoBuild: Including build template config/builds/sorceress.fire.js into tools\townchicken.js
AutoBuild: Including build template config/builds/sorceress.fire.js into default.dbj
AutoBuild: Including build template config/builds/sorceress.fire.js into tools\autobuildthread.js
AutoBuild: Loaded helper thread
AutoBuild: Including build template config/builds/sorceress.fire.js into tools\townchicken.js
AutoBuild: Including build template config/builds/sorceress.fire.js into tools\toolsthread.js
AutoBuild: Including build template config/builds/sorceress.fire.js into tools\party.js
AutoBuild: Stat points: 5      Skill points: 1
AutoBuild: Level up detected ( 59 --> 60 )
AutoBuild: Updating Config from level 59 to 60
AutoBuild: Incrementing cached character level to 60
AutoBuild: Including build template config/builds/sorceress.fire.js into default.dbj
AutoBuild: Including build template config/builds/sorceress.fire.js into tools\autobuildthread.js
AutoBuild: Loaded helper thread
AutoBuild: Including build template config/builds/sorceress.fire.js into tools\toolsthread.js
AutoBuild: Including build template config/builds/sorceress.fire.js into tools\party.js
AutoBuild: Including build template config/builds/sorceress.fire.js into tools\townchicken.js
AutoBuild: Including build template config/builds/sorceress.fire.js into default.dbj
AutoBuild: Including build template config/builds/sorceress.fire.js into tools\autobuildthread.js
AutoBuild: Loaded helper thread
AutoBuild: Including build template config/builds/sorceress.fire.js into tools\party.js
AutoBuild: Including build template config/builds/sorceress.fire.js into tools\toolsthread.js
AutoBuild: Including build template config/builds/sorceress.fire.js into tools\townchicken.js
AutoBuild: Including build template config/builds/sorceress.fire.js into default.dbj
AutoBuild: Including build template config/builds/sorceress.fire.js into tools\autobuildthread.js
AutoBuild: Loaded helper thread
AutoBuild: Including build template config/builds/sorceress.fire.js into tools\party.js
AutoBuild: Including build template config/builds/sorceress.fire.js into tools\toolsthread.js
AutoBuild: Including build template config/builds/sorceress.fire.js into tools\townchicken.js
AutoBuild: Including build template config/builds/sorceress.fire.js into default.dbj
AutoBuild: Including build template config/builds/sorceress.fire.js into tools\autobuildthread.js
AutoBuild: Loaded helper thread
AutoBuild: Including build template config/builds/sorceress.fire.js into tools\toolsthread.js
AutoBuild: Including build template config/builds/sorceress.fire.js into tools\party.js
AutoBuild: Including build template config/builds/sorceress.fire.js into tools\townchicken.js
AutoBuild: Including build template config/builds/sorceress.fire.js into default.dbj
AutoBuild: Including build template config/builds/sorceress.fire.js into tools\autobuildthread.js
AutoBuild: Loaded helper thread
AutoBuild: Including build template config/builds/sorceress.fire.js into tools\townchicken.js
AutoBuild: Including build template config/builds/sorceress.fire.js into tools\party.js
AutoBuild: Including build template config/builds/sorceress.fire.js into tools\toolsthread.js
AutoBuild: Including build template config/builds/sorceress.fire.js into default.dbj
AutoBuild: Including build template config/builds/sorceress.fire.js into tools\autobuildthread.js
AutoBuild: Loaded helper thread
AutoBuild: Including build template config/builds/sorceress.fire.js into tools\party.js
AutoBuild: Including build template config/builds/sorceress.fire.js into tools\toolsthread.js
AutoBuild: Including build template config/builds/sorceress.fire.js into tools\townchicken.js
AutoBuild: Including build template config/builds/sorceress.fire.js into default.dbj
AutoBuild: Including build template config/builds/sorceress.fire.js into tools\autobuildthread.js
AutoBuild: Loaded helper thread
AutoBuild: Including build template config/builds/sorceress.fire.js into tools\townchicken.js
AutoBuild: Including build template config/builds/sorceress.fire.js into tools\party.js
AutoBuild: Including build template config/builds/sorceress.fire.js into tools\toolsthread.js
AutoBuild: Including build template config/builds/sorceress.fire.js into default.dbj
AutoBuild: Including build template config/builds/sorceress.fire.js into tools\autobuildthread.js
AutoBuild: Loaded helper thread
AutoBuild: Including build template config/builds/sorceress.fire.js into tools\party.js
AutoBuild: Including build template config/builds/sorceress.fire.js into tools\toolsthread.js
AutoBuild: Including build template config/builds/sorceress.fire.js into tools\townchicken.js
AutoBuild: Including build template config/builds/sorceress.fire.js into default.dbj
AutoBuild: Including build template config/builds/sorceress.fire.js into tools\autobuildthread.js
AutoBuild: Loaded helper thread
AutoBuild: Including build template config/builds/sorceress.fire.js into tools\townchicken.js
AutoBuild: Including build template config/builds/sorceress.fire.js into tools\toolsthread.js
AutoBuild: Including build template config/builds/sorceress.fire.js into tools\party.js
AutoBuild: Including build template config/builds/sorceress.fire.js into default.dbj
AutoBuild: Including build template config/builds/sorceress.fire.js into tools\autobuildthread.js
AutoBuild: Loaded helper thread
AutoBuild: Including build template config/builds/sorceress.fire.js into tools\party.js
AutoBuild: Including build template config/builds/sorceress.fire.js into tools\townchicken.js
AutoBuild: Including build template config/builds/sorceress.fire.js into tools\toolsthread.js
AutoBuild: Including build template config/builds/sorceress.fire.js into default.dbj
AutoBuild: Including build template config/builds/sorceress.fire.js into tools\autobuildthread.js
AutoBuild: Loaded helper thread
AutoBuild: Including build template config/builds/sorceress.fire.js into tools\townchicken.js
AutoBuild: Including build template config/builds/sorceress.fire.js into tools\party.js
AutoBuild: Including build template config/builds/sorceress.fire.js into tools\toolsthread.js
AutoBuild: Including build template config/builds/sorceress.fire.js into default.dbj
AutoBuild: Including build template config/builds/sorceress.fire.js into tools\autobuildthread.js
AutoBuild: Loaded helper thread
AutoBuild: Including build template config/builds/sorceress.fire.js into tools\party.js
AutoBuild: Including build template config/builds/sorceress.fire.js into tools\toolsthread.js
AutoBuild: Including build template config/builds/sorceress.fire.js into tools\townchicken.js
AutoBuild: Including build template config/builds/sorceress.fire.js into default.dbj
AutoBuild: Including build template config/builds/sorceress.fire.js into tools\autobuildthread.js
AutoBuild: Loaded helper thread
AutoBuild: Including build template config/builds/sorceress.fire.js into tools\party.js
AutoBuild: Including build template config/builds/sorceress.fire.js into tools\townchicken.js
AutoBuild: Including build template config/builds/sorceress.fire.js into tools\toolsthread.js
AutoBuild: Including build template config/builds/sorceress.fire.js into default.dbj
AutoBuild: Including build template config/builds/sorceress.fire.js into tools\autobuildthread.js
AutoBuild: Loaded helper thread
AutoBuild: Including build template config/builds/sorceress.fire.js into tools\townchicken.js
AutoBuild: Including build template config/builds/sorceress.fire.js into tools\party.js
AutoBuild: Including build template config/builds/sorceress.fire.js into tools\toolsthread.js
AutoBuild: Including build template config/builds/sorceress.fire.js into default.dbj
AutoBuild: Including build template config/builds/sorceress.fire.js into tools\autobuildthread.js
AutoBuild: Loaded helper thread
AutoBuild: Including build template config/builds/sorceress.fire.js into tools\toolsthread.js
AutoBuild: Including build template config/builds/sorceress.fire.js into tools\party.js
AutoBuild: Including build template config/builds/sorceress.fire.js into tools\townchicken.js
AutoBuild: Including build template config/builds/sorceress.fire.js into default.dbj
AutoBuild: Including build template config/builds/sorceress.fire.js into tools\autobuildthread.js
AutoBuild: Loaded helper thread
AutoBuild: Including build template config/builds/sorceress.fire.js into tools\townchicken.js
AutoBuild: Including build template config/builds/sorceress.fire.js into tools\party.js
AutoBuild: Including build template config/builds/sorceress.fire.js into tools\toolsthread.js
AutoBuild: Including build template config/builds/sorceress.fire.js into default.dbj
AutoBuild: Including build template config/builds/sorceress.fire.js into tools\autobuildthread.js
AutoBuild: Loaded helper thread
AutoBuild: Including build template config/builds/sorceress.fire.js into tools\toolsthread.js
AutoBuild: Including build template config/builds/sorceress.fire.js into tools\townchicken.js
AutoBuild: Including build template config/builds/sorceress.fire.js into tools\party.js
AutoBuild: Including build template config/builds/sorceress.fire.js into default.dbj
AutoBuild: Including build template config/builds/sorceress.fire.js into tools\autobuildthread.js
AutoBuild: Loaded helper thread
AutoBuild: Including build template config/builds/sorceress.fire.js into tools\toolsthread.js
AutoBuild: Including build template config/builds/sorceress.fire.js into tools\party.js
AutoBuild: Including build template config/builds/sorceress.fire.js into tools\townchicken.js
AutoBuild: Including build template config/builds/sorceress.fire.js into default.dbj
AutoBuild: Including build template config/builds/sorceress.fire.js into tools\autobuildthread.js
AutoBuild: Loaded helper thread
AutoBuild: Including build template config/builds/sorceress.fire.js into tools\townchicken.js
AutoBuild: Including build template config/builds/sorceress.fire.js into tools\party.js
AutoBuild: Including build template config/builds/sorceress.fire.js into tools\toolsthread.js
AutoBuild: Including build template config/builds/sorceress.fire.js into default.dbj
AutoBuild: Including build template config/builds/sorceress.fire.js into tools\autobuildthread.js
AutoBuild: Loaded helper thread
AutoBuild: Including build template config/builds/sorceress.fire.js into tools\townchicken.js
AutoBuild: Including build template config/builds/sorceress.fire.js into tools\toolsthread.js
AutoBuild: Including build template config/builds/sorceress.fire.js into tools\party.js
AutoBuild: Including build template config/builds/sorceress.fire.js into default.dbj
AutoBuild: Including build template config/builds/sorceress.fire.js into tools\autobuildthread.js
AutoBuild: Loaded helper thread
AutoBuild: Including build template config/builds/sorceress.fire.js into tools\party.js
AutoBuild: Including build template config/builds/sorceress.fire.js into tools\townchicken.js
AutoBuild: Including build template config/builds/sorceress.fire.js into tools\toolsthread.js
AutoBuild: Including build template config/builds/sorceress.fire.js into default.dbj
AutoBuild: Including build template config/builds/sorceress.fire.js into tools\autobuildthread.js
AutoBuild: Loaded helper thread
AutoBuild: Including build template config/builds/sorceress.fire.js into tools\party.js
AutoBuild: Including build template config/builds/sorceress.fire.js into tools\toolsthread.js
AutoBuild: Including build template config/builds/sorceress.fire.js into tools\townchicken.js
AutoBuild: Including build template config/builds/sorceress.fire.js into default.dbj
AutoBuild: Including build template config/builds/sorceress.fire.js into tools\autobuildthread.js
AutoBuild: Loaded helper thread
AutoBuild: Including build template config/builds/sorceress.fire.js into tools\toolsthread.js
AutoBuild: Including build template config/builds/sorceress.fire.js into tools\party.js
AutoBuild: Including build template config/builds/sorceress.fire.js into tools\townchicken.js
AutoBuild: Including build template config/builds/sorceress.fire.js into default.dbj
AutoBuild: Including build template config/builds/sorceress.fire.js into tools\autobuildthread.js
AutoBuild: Loaded helper thread
AutoBuild: Including build template config/builds/sorceress.fire.js into tools\party.js
AutoBuild: Including build template config/builds/sorceress.fire.js into tools\townchicken.js
AutoBuild: Including build template config/builds/sorceress.fire.js into tools\toolsthread.js
AutoBuild: Including build template config/builds/sorceress.fire.js into default.dbj
AutoBuild: Including build template config/builds/sorceress.fire.js into tools\autobuildthread.js
AutoBuild: Loaded helper thread
AutoBuild: Including build template config/builds/sorceress.fire.js into tools\toolsthread.js
AutoBuild: Including build template config/builds/sorceress.fire.js into tools\party.js
AutoBuild: Including build template config/builds/sorceress.fire.js into tools\townchicken.js
AutoBuild: Including build template config/builds/sorceress.fire.js into default.dbj
AutoBuild: Including build template config/builds/sorceress.fire.js into tools\autobuildthread.js
AutoBuild: Loaded helper thread
AutoBuild: Including build template config/builds/sorceress.fire.js into tools\toolsthread.js
AutoBuild: Including build template config/builds/sorceress.fire.js into tools\townchicken.js
AutoBuild: Including build template config/builds/sorceress.fire.js into tools\party.js
AutoBuild: Including build template config/builds/sorceress.fire.js into default.dbj
AutoBuild: Including build template config/builds/sorceress.fire.js into tools\autobuildthread.js
AutoBuild: Loaded helper thread
AutoBuild: Including build template config/builds/sorceress.fire.js into tools\toolsthread.js
AutoBuild: Including build template config/builds/sorceress.fire.js into tools\townchicken.js
AutoBuild: Including build template config/builds/sorceress.fire.js into tools\party.js
AutoBuild: Including build template config/builds/sorceress.fire.js into default.dbj
AutoBuild: Including build template config/builds/sorceress.fire.js into tools\autobuildthread.js
AutoBuild: Loaded helper thread
AutoBuild: Including build template config/builds/sorceress.fire.js into tools\toolsthread.js
AutoBuild: Including build template config/builds/sorceress.fire.js into tools\townchicken.js
AutoBuild: Including build template config/builds/sorceress.fire.js into tools\party.js
